\BOOKMARK [0][-]{section*.2}{List of Tables}{}% 1
\BOOKMARK [0][-]{section*.4}{List of Figures}{}% 2
\BOOKMARK [0][-]{section*.6}{Nomenclature}{}% 3
\BOOKMARK [0][-]{chapter.1}{Introduction}{}% 4
\BOOKMARK [1][-]{section.1.1}{Problem Statement}{chapter.1}% 5
\BOOKMARK [1][-]{section.1.2}{Literature Review}{chapter.1}% 6
\BOOKMARK [1][-]{section.1.3}{Report Organization}{chapter.1}% 7
\BOOKMARK [0][-]{chapter.2}{Modeling 2-DOF Helicopters}{}% 8
\BOOKMARK [0][-]{chapter.3}{Control Algorithms}{}% 9
\BOOKMARK [1][-]{section.3.1}{LQR}{chapter.3}% 10
\BOOKMARK [1][-]{section.3.2}{LQG}{chapter.3}% 11
\BOOKMARK [1][-]{section.3.3}{ADP}{chapter.3}% 12
\BOOKMARK [1][-]{section.3.4}{Improvements}{chapter.3}% 13
\BOOKMARK [0][-]{chapter.4}{Numerical Simulations}{}% 14
\BOOKMARK [1][-]{section.4.1}{LQR \(P controller\)}{chapter.4}% 15
\BOOKMARK [1][-]{section.4.2}{LQR \(PI controller\)}{chapter.4}% 16
\BOOKMARK [1][-]{section.4.3}{LQG \(PI Controller\)}{chapter.4}% 17
\BOOKMARK [1][-]{section.4.4}{Conclusions}{chapter.4}% 18
\BOOKMARK [0][-]{chapter.5}{Implementation}{}% 19
\BOOKMARK [1][-]{section.5.1}{Experimental Setup}{chapter.5}% 20
\BOOKMARK [2][-]{subsection.5.1.1}{USB}{section.5.1}% 21
\BOOKMARK [2][-]{subsection.5.1.2}{Raspberry Pi}{section.5.1}% 22
\BOOKMARK [2][-]{subsection.5.1.3}{Android}{section.5.1}% 23
\BOOKMARK [1][-]{section.5.2}{USB}{chapter.5}% 24
\BOOKMARK [2][-]{subsection.5.2.1}{LQR}{section.5.2}% 25
\BOOKMARK [2][-]{subsection.5.2.2}{ADP}{section.5.2}% 26
\BOOKMARK [2][-]{subsection.5.2.3}{Conclusions}{section.5.2}% 27
\BOOKMARK [1][-]{section.5.3}{Raspberry Pi}{chapter.5}% 28
\BOOKMARK [2][-]{subsection.5.3.1}{LQR \(P Type Controller\)}{section.5.3}% 29
\BOOKMARK [2][-]{subsection.5.3.2}{ADP}{section.5.3}% 30
\BOOKMARK [1][-]{section.5.4}{Mobile Device}{chapter.5}% 31
\BOOKMARK [2][-]{subsection.5.4.1}{LQR \(P Type Controller\)}{section.5.4}% 32
\BOOKMARK [2][-]{subsection.5.4.2}{ADP}{section.5.4}% 33
\BOOKMARK [0][-]{chapter.6}{Conclusion and Future Work}{}% 34
\BOOKMARK [1][-]{section.6.1}{Algorithm Comparison}{chapter.6}% 35
\BOOKMARK [1][-]{section.6.2}{Conclusion}{chapter.6}% 36
\BOOKMARK [1][-]{section.6.3}{Future Work}{chapter.6}% 37
\BOOKMARK [2][-]{subsection.6.3.1}{Enhanced Smart Framework}{section.6.3}% 38
\BOOKMARK [2][-]{subsection.6.3.2}{Digital Compass}{section.6.3}% 39
\BOOKMARK [2][-]{subsection.6.3.3}{Expanded PI Control}{section.6.3}% 40
\BOOKMARK [0][-]{equation.6.3.2}{APPENDICES}{}% 41
\BOOKMARK [0][-]{appendix.A}{Parameters and State-Space}{}% 42
\BOOKMARK [1][-]{section.A.1}{Parameters}{appendix.A}% 43
\BOOKMARK [1][-]{section.A.2}{State-Space Model}{appendix.A}% 44
\BOOKMARK [0][-]{appendix.B}{MATLAB Simulation Code}{}% 45
\BOOKMARK [1][-]{section.B.1}{LQR \(P controller\)}{appendix.B}% 46
\BOOKMARK [0][-]{appendix.C}{USB MATLAB Code}{}% 47
\BOOKMARK [0][-]{appendix.D}{Raspberry Pi MATLAB Code}{}% 48
\BOOKMARK [1][-]{section.D.1}{Initialization Code}{appendix.D}% 49
\BOOKMARK [1][-]{section.D.2}{SPI Protocol}{appendix.D}% 50
\BOOKMARK [0][-]{appendix.E}{ADP MATLAB Code}{}% 51
\BOOKMARK [1][-]{section.E.1}{Initialization Code}{appendix.E}% 52
\BOOKMARK [1][-]{section.E.2}{Update Weights}{appendix.E}% 53
\BOOKMARK [0][-]{appendix.F}{Tutorials}{}% 54
\BOOKMARK [1][-]{section.F.1}{USB Connection}{appendix.F}% 55
\BOOKMARK [1][-]{section.F.2}{Raspberry Pi Implementation}{appendix.F}% 56
\BOOKMARK [1][-]{section.F.3}{Android Application}{appendix.F}% 57
\BOOKMARK [0][-]{Item.62}{References}{}% 58
