This is pdfTeX, Version 3.14159265-2.6-1.40.19 (TeX Live 2018/W32TeX) (preloaded format=pdflatex 2018.9.26)  29 APR 2019 13:53
entering extended mode
 restricted \write18 enabled.
 %&-line parsing enabled.
**finalReportPres.tex
(./finalReportPres.tex
LaTeX2e <2018-04-01> patch level 5
(c:/texlive/2018/texmf-dist/tex/latex/beamer/beamer.cls
Document Class: beamer 2018/09/20 v3.54 A class for typesetting presentations
(c:/texlive/2018/texmf-dist/tex/latex/beamer/beamerbasemodes.sty
(c:/texlive/2018/texmf-dist/tex/latex/etoolbox/etoolbox.sty
Package: etoolbox 2018/08/19 v2.5f e-TeX tools for LaTeX (JAW)
\etb@tempcnta=\count80
)
\beamer@tempbox=\box26
\beamer@tempcount=\count81
\c@beamerpauses=\count82

(c:/texlive/2018/texmf-dist/tex/latex/beamer/beamerbasedecode.sty
\beamer@slideinframe=\count83
\beamer@minimum=\count84
)
\beamer@commentbox=\box27
\beamer@modecount=\count85
)
(c:/texlive/2018/texmf-dist/tex/generic/oberdiek/ifpdf.sty
Package: ifpdf 2018/09/07 v3.3 Provides the ifpdf switch
)
\headdp=\dimen102
\footheight=\dimen103
\sidebarheight=\dimen104
\beamer@tempdim=\dimen105
\beamer@finalheight=\dimen106
\beamer@animht=\dimen107
\beamer@animdp=\dimen108
\beamer@animwd=\dimen109
\beamer@leftmargin=\dimen110
\beamer@rightmargin=\dimen111
\beamer@leftsidebar=\dimen112
\beamer@rightsidebar=\dimen113
\beamer@boxsize=\dimen114
\beamer@vboxoffset=\dimen115
\beamer@descdefault=\dimen116
\beamer@descriptionwidth=\dimen117
\beamer@lastskip=\skip41
\beamer@areabox=\box28
\beamer@animcurrent=\box29
\beamer@animshowbox=\box30
\beamer@sectionbox=\box31
\beamer@logobox=\box32
\beamer@linebox=\box33
\beamer@sectioncount=\count86
\beamer@subsubsectionmax=\count87
\beamer@subsectionmax=\count88
\beamer@sectionmax=\count89
\beamer@totalheads=\count90
\beamer@headcounter=\count91
\beamer@partstartpage=\count92
\beamer@sectionstartpage=\count93
\beamer@subsectionstartpage=\count94
\beamer@animationtempa=\count95
\beamer@animationtempb=\count96
\beamer@xpos=\count97
\beamer@ypos=\count98
\beamer@ypos@offset=\count99
\beamer@showpartnumber=\count100
\beamer@currentsubsection=\count101
\beamer@coveringdepth=\count102
\beamer@sectionadjust=\count103
\beamer@tocsectionnumber=\count104

(c:/texlive/2018/texmf-dist/tex/latex/beamer/beamerbaseoptions.sty
(c:/texlive/2018/texmf-dist/tex/latex/graphics/keyval.sty
Package: keyval 2014/10/28 v1.15 key=value parser (DPC)
\KV@toks@=\toks14
))
\beamer@paperwidth=\skip42
\beamer@paperheight=\skip43

(c:/texlive/2018/texmf-dist/tex/latex/geometry/geometry.sty
Package: geometry 2018/04/16 v5.8 Page Geometry

(c:/texlive/2018/texmf-dist/tex/generic/oberdiek/ifvtex.sty
Package: ifvtex 2016/05/16 v1.6 Detect VTeX and its facilities (HO)
Package ifvtex Info: VTeX not detected.
)
(c:/texlive/2018/texmf-dist/tex/generic/ifxetex/ifxetex.sty
Package: ifxetex 2010/09/12 v0.6 Provides ifxetex conditional
)
\Gm@cnth=\count105
\Gm@cntv=\count106
\c@Gm@tempcnt=\count107
\Gm@bindingoffset=\dimen118
\Gm@wd@mp=\dimen119
\Gm@odd@mp=\dimen120
\Gm@even@mp=\dimen121
\Gm@layoutwidth=\dimen122
\Gm@layoutheight=\dimen123
\Gm@layouthoffset=\dimen124
\Gm@layoutvoffset=\dimen125
\Gm@dimlist=\toks15
)
(c:/texlive/2018/texmf-dist/tex/latex/base/size11.clo
File: size11.clo 2014/09/29 v1.4h Standard LaTeX file (size option)
)
(c:/texlive/2018/texmf-dist/tex/latex/pgf/basiclayer/pgfcore.sty
(c:/texlive/2018/texmf-dist/tex/latex/graphics/graphicx.sty
Package: graphicx 2017/06/01 v1.1a Enhanced LaTeX Graphics (DPC,SPQR)

(c:/texlive/2018/texmf-dist/tex/latex/graphics/graphics.sty
Package: graphics 2017/06/25 v1.2c Standard LaTeX Graphics (DPC,SPQR)

(c:/texlive/2018/texmf-dist/tex/latex/graphics/trig.sty
Package: trig 2016/01/03 v1.10 sin cos tan (DPC)
)
(c:/texlive/2018/texmf-dist/tex/latex/graphics-cfg/graphics.cfg
File: graphics.cfg 2016/06/04 v1.11 sample graphics configuration
)
Package graphics Info: Driver file: pdftex.def on input line 99.

(c:/texlive/2018/texmf-dist/tex/latex/graphics-def/pdftex.def
File: pdftex.def 2018/01/08 v1.0l Graphics/color driver for pdftex
))
\Gin@req@height=\dimen126
\Gin@req@width=\dimen127
)
(c:/texlive/2018/texmf-dist/tex/latex/pgf/systemlayer/pgfsys.sty
(c:/texlive/2018/texmf-dist/tex/latex/pgf/utilities/pgfrcs.sty
(c:/texlive/2018/texmf-dist/tex/generic/pgf/utilities/pgfutil-common.tex
\pgfutil@everybye=\toks16
\pgfutil@tempdima=\dimen128
\pgfutil@tempdimb=\dimen129

(c:/texlive/2018/texmf-dist/tex/generic/pgf/utilities/pgfutil-common-lists.tex)
) (c:/texlive/2018/texmf-dist/tex/generic/pgf/utilities/pgfutil-latex.def
\pgfutil@abb=\box34

(c:/texlive/2018/texmf-dist/tex/latex/ms/everyshi.sty
Package: everyshi 2001/05/15 v3.00 EveryShipout Package (MS)
))
(c:/texlive/2018/texmf-dist/tex/generic/pgf/utilities/pgfrcs.code.tex
Package: pgfrcs 2015/08/07 v3.0.1a (rcs-revision 1.31)
))
(c:/texlive/2018/texmf-dist/tex/generic/pgf/systemlayer/pgfsys.code.tex
Package: pgfsys 2014/07/09 v3.0.1a (rcs-revision 1.48)

(c:/texlive/2018/texmf-dist/tex/generic/pgf/utilities/pgfkeys.code.tex
\pgfkeys@pathtoks=\toks17
\pgfkeys@temptoks=\toks18

(c:/texlive/2018/texmf-dist/tex/generic/pgf/utilities/pgfkeysfiltered.code.tex
\pgfkeys@tmptoks=\toks19
))
\pgf@x=\dimen130
\pgf@y=\dimen131
\pgf@xa=\dimen132
\pgf@ya=\dimen133
\pgf@xb=\dimen134
\pgf@yb=\dimen135
\pgf@xc=\dimen136
\pgf@yc=\dimen137
\w@pgf@writea=\write3
\r@pgf@reada=\read1
\c@pgf@counta=\count108
\c@pgf@countb=\count109
\c@pgf@countc=\count110
\c@pgf@countd=\count111
\t@pgf@toka=\toks20
\t@pgf@tokb=\toks21
\t@pgf@tokc=\toks22
 (c:/texlive/2018/texmf-dist/tex/generic/pgf/systemlayer/pgf.cfg
File: pgf.cfg 2008/05/14  (rcs-revision 1.7)
)
Driver file for pgf: pgfsys-pdftex.def

(c:/texlive/2018/texmf-dist/tex/generic/pgf/systemlayer/pgfsys-pdftex.def
File: pgfsys-pdftex.def 2014/10/11  (rcs-revision 1.35)

(c:/texlive/2018/texmf-dist/tex/generic/pgf/systemlayer/pgfsys-common-pdf.def
File: pgfsys-common-pdf.def 2013/10/10  (rcs-revision 1.13)
)))
(c:/texlive/2018/texmf-dist/tex/generic/pgf/systemlayer/pgfsyssoftpath.code.tex
File: pgfsyssoftpath.code.tex 2013/09/09  (rcs-revision 1.9)
\pgfsyssoftpath@smallbuffer@items=\count112
\pgfsyssoftpath@bigbuffer@items=\count113
)
(c:/texlive/2018/texmf-dist/tex/generic/pgf/systemlayer/pgfsysprotocol.code.tex
File: pgfsysprotocol.code.tex 2006/10/16  (rcs-revision 1.4)
)) (c:/texlive/2018/texmf-dist/tex/latex/xcolor/xcolor.sty
Package: xcolor 2016/05/11 v2.12 LaTeX color extensions (UK)

(c:/texlive/2018/texmf-dist/tex/latex/graphics-cfg/color.cfg
File: color.cfg 2016/01/02 v1.6 sample color configuration
)
Package xcolor Info: Driver file: pdftex.def on input line 225.
Package xcolor Info: Model `cmy' substituted by `cmy0' on input line 1348.
Package xcolor Info: Model `hsb' substituted by `rgb' on input line 1352.
Package xcolor Info: Model `RGB' extended on input line 1364.
Package xcolor Info: Model `HTML' substituted by `rgb' on input line 1366.
Package xcolor Info: Model `Hsb' substituted by `hsb' on input line 1367.
Package xcolor Info: Model `tHsb' substituted by `hsb' on input line 1368.
Package xcolor Info: Model `HSB' substituted by `hsb' on input line 1369.
Package xcolor Info: Model `Gray' substituted by `gray' on input line 1370.
Package xcolor Info: Model `wave' substituted by `hsb' on input line 1371.
)
(c:/texlive/2018/texmf-dist/tex/generic/pgf/basiclayer/pgfcore.code.tex
Package: pgfcore 2010/04/11 v3.0.1a (rcs-revision 1.7)

(c:/texlive/2018/texmf-dist/tex/generic/pgf/math/pgfmath.code.tex
(c:/texlive/2018/texmf-dist/tex/generic/pgf/math/pgfmathcalc.code.tex
(c:/texlive/2018/texmf-dist/tex/generic/pgf/math/pgfmathutil.code.tex)
(c:/texlive/2018/texmf-dist/tex/generic/pgf/math/pgfmathparser.code.tex
\pgfmath@dimen=\dimen138
\pgfmath@count=\count114
\pgfmath@box=\box35
\pgfmath@toks=\toks23
\pgfmath@stack@operand=\toks24
\pgfmath@stack@operation=\toks25
)
(c:/texlive/2018/texmf-dist/tex/generic/pgf/math/pgfmathfunctions.code.tex
(c:/texlive/2018/texmf-dist/tex/generic/pgf/math/pgfmathfunctions.basic.code.te
x)
(c:/texlive/2018/texmf-dist/tex/generic/pgf/math/pgfmathfunctions.trigonometric
.code.tex)
(c:/texlive/2018/texmf-dist/tex/generic/pgf/math/pgfmathfunctions.random.code.t
ex)
(c:/texlive/2018/texmf-dist/tex/generic/pgf/math/pgfmathfunctions.comparison.co
de.tex)
(c:/texlive/2018/texmf-dist/tex/generic/pgf/math/pgfmathfunctions.base.code.tex
)
(c:/texlive/2018/texmf-dist/tex/generic/pgf/math/pgfmathfunctions.round.code.te
x)
(c:/texlive/2018/texmf-dist/tex/generic/pgf/math/pgfmathfunctions.misc.code.tex
)
(c:/texlive/2018/texmf-dist/tex/generic/pgf/math/pgfmathfunctions.integerarithm
etics.code.tex)))
(c:/texlive/2018/texmf-dist/tex/generic/pgf/math/pgfmathfloat.code.tex
\c@pgfmathroundto@lastzeros=\count115
))
(c:/texlive/2018/texmf-dist/tex/generic/pgf/basiclayer/pgfcorepoints.code.tex
File: pgfcorepoints.code.tex 2013/10/07  (rcs-revision 1.27)
\pgf@picminx=\dimen139
\pgf@picmaxx=\dimen140
\pgf@picminy=\dimen141
\pgf@picmaxy=\dimen142
\pgf@pathminx=\dimen143
\pgf@pathmaxx=\dimen144
\pgf@pathminy=\dimen145
\pgf@pathmaxy=\dimen146
\pgf@xx=\dimen147
\pgf@xy=\dimen148
\pgf@yx=\dimen149
\pgf@yy=\dimen150
\pgf@zx=\dimen151
\pgf@zy=\dimen152
)
(c:/texlive/2018/texmf-dist/tex/generic/pgf/basiclayer/pgfcorepathconstruct.cod
e.tex
File: pgfcorepathconstruct.code.tex 2013/10/07  (rcs-revision 1.29)
\pgf@path@lastx=\dimen153
\pgf@path@lasty=\dimen154
)
(c:/texlive/2018/texmf-dist/tex/generic/pgf/basiclayer/pgfcorepathusage.code.te
x
File: pgfcorepathusage.code.tex 2014/11/02  (rcs-revision 1.24)
\pgf@shorten@end@additional=\dimen155
\pgf@shorten@start@additional=\dimen156
)
(c:/texlive/2018/texmf-dist/tex/generic/pgf/basiclayer/pgfcorescopes.code.tex
File: pgfcorescopes.code.tex 2015/05/08  (rcs-revision 1.46)
\pgfpic=\box36
\pgf@hbox=\box37
\pgf@layerbox@main=\box38
\pgf@picture@serial@count=\count116
)
(c:/texlive/2018/texmf-dist/tex/generic/pgf/basiclayer/pgfcoregraphicstate.code
.tex
File: pgfcoregraphicstate.code.tex 2014/11/02  (rcs-revision 1.12)
\pgflinewidth=\dimen157
)
(c:/texlive/2018/texmf-dist/tex/generic/pgf/basiclayer/pgfcoretransformations.c
ode.tex
File: pgfcoretransformations.code.tex 2015/08/07  (rcs-revision 1.20)
\pgf@pt@x=\dimen158
\pgf@pt@y=\dimen159
\pgf@pt@temp=\dimen160
)
(c:/texlive/2018/texmf-dist/tex/generic/pgf/basiclayer/pgfcorequick.code.tex
File: pgfcorequick.code.tex 2008/10/09  (rcs-revision 1.3)
)
(c:/texlive/2018/texmf-dist/tex/generic/pgf/basiclayer/pgfcoreobjects.code.tex
File: pgfcoreobjects.code.tex 2006/10/11  (rcs-revision 1.2)
)
(c:/texlive/2018/texmf-dist/tex/generic/pgf/basiclayer/pgfcorepathprocessing.co
de.tex
File: pgfcorepathprocessing.code.tex 2013/09/09  (rcs-revision 1.9)
)
(c:/texlive/2018/texmf-dist/tex/generic/pgf/basiclayer/pgfcorearrows.code.tex
File: pgfcorearrows.code.tex 2015/05/14  (rcs-revision 1.43)
\pgfarrowsep=\dimen161
)
(c:/texlive/2018/texmf-dist/tex/generic/pgf/basiclayer/pgfcoreshade.code.tex
File: pgfcoreshade.code.tex 2013/07/15  (rcs-revision 1.15)
\pgf@max=\dimen162
\pgf@sys@shading@range@num=\count117
)
(c:/texlive/2018/texmf-dist/tex/generic/pgf/basiclayer/pgfcoreimage.code.tex
File: pgfcoreimage.code.tex 2013/07/15  (rcs-revision 1.18)

(c:/texlive/2018/texmf-dist/tex/generic/pgf/basiclayer/pgfcoreexternal.code.tex
File: pgfcoreexternal.code.tex 2014/07/09  (rcs-revision 1.21)
\pgfexternal@startupbox=\box39
))
(c:/texlive/2018/texmf-dist/tex/generic/pgf/basiclayer/pgfcorelayers.code.tex
File: pgfcorelayers.code.tex 2013/07/18  (rcs-revision 1.7)
)
(c:/texlive/2018/texmf-dist/tex/generic/pgf/basiclayer/pgfcoretransparency.code
.tex
File: pgfcoretransparency.code.tex 2013/09/30  (rcs-revision 1.5)
)
(c:/texlive/2018/texmf-dist/tex/generic/pgf/basiclayer/pgfcorepatterns.code.tex
File: pgfcorepatterns.code.tex 2013/11/07  (rcs-revision 1.5)
))) (c:/texlive/2018/texmf-dist/tex/latex/pgf/utilities/xxcolor.sty
Package: xxcolor 2003/10/24 ver 0.1
\XC@nummixins=\count118
\XC@countmixins=\count119
)
(c:/texlive/2018/texmf-dist/tex/generic/oberdiek/atbegshi.sty
Package: atbegshi 2016/06/09 v1.18 At begin shipout hook (HO)

(c:/texlive/2018/texmf-dist/tex/generic/oberdiek/infwarerr.sty
Package: infwarerr 2016/05/16 v1.4 Providing info/warning/error messages (HO)
)
(c:/texlive/2018/texmf-dist/tex/generic/oberdiek/ltxcmds.sty
Package: ltxcmds 2016/05/16 v1.23 LaTeX kernel commands for general use (HO)
))
(c:/texlive/2018/texmf-dist/tex/latex/hyperref/hyperref.sty
Package: hyperref 2018/02/06 v6.86b Hypertext links for LaTeX

(c:/texlive/2018/texmf-dist/tex/generic/oberdiek/hobsub-hyperref.sty
Package: hobsub-hyperref 2016/05/16 v1.14 Bundle oberdiek, subset hyperref (HO)


(c:/texlive/2018/texmf-dist/tex/generic/oberdiek/hobsub-generic.sty
Package: hobsub-generic 2016/05/16 v1.14 Bundle oberdiek, subset generic (HO)
Package: hobsub 2016/05/16 v1.14 Construct package bundles (HO)
Package hobsub Info: Skipping package `infwarerr' (already loaded).
Package hobsub Info: Skipping package `ltxcmds' (already loaded).
Package: ifluatex 2016/05/16 v1.4 Provides the ifluatex switch (HO)
Package ifluatex Info: LuaTeX not detected.
Package hobsub Info: Skipping package `ifvtex' (already loaded).
Package: intcalc 2016/05/16 v1.2 Expandable calculations with integers (HO)
Package hobsub Info: Skipping package `ifpdf' (already loaded).
Package: etexcmds 2016/05/16 v1.6 Avoid name clashes with e-TeX commands (HO)
Package etexcmds Info: Could not find \expanded.
(etexcmds)             That can mean that you are not using pdfTeX 1.50 or
(etexcmds)             that some package has redefined \expanded.
(etexcmds)             In the latter case, load this package earlier.
Package: kvsetkeys 2016/05/16 v1.17 Key value parser (HO)
Package: kvdefinekeys 2016/05/16 v1.4 Define keys (HO)
Package: pdftexcmds 2018/09/10 v0.29 Utility functions of pdfTeX for LuaTeX (HO
)
Package pdftexcmds Info: LuaTeX not detected.
Package pdftexcmds Info: \pdf@primitive is available.
Package pdftexcmds Info: \pdf@ifprimitive is available.
Package pdftexcmds Info: \pdfdraftmode found.
Package: pdfescape 2016/05/16 v1.14 Implements pdfTeX's escape features (HO)
Package: bigintcalc 2016/05/16 v1.4 Expandable calculations on big integers (HO
)
Package: bitset 2016/05/16 v1.2 Handle bit-vector datatype (HO)
Package: uniquecounter 2016/05/16 v1.3 Provide unlimited unique counter (HO)
)
Package hobsub Info: Skipping package `hobsub' (already loaded).
Package: letltxmacro 2016/05/16 v1.5 Let assignment for LaTeX macros (HO)
Package: hopatch 2016/05/16 v1.3 Wrapper for package hooks (HO)
Package: xcolor-patch 2016/05/16 xcolor patch
Package: atveryend 2016/05/16 v1.9 Hooks at the very end of document (HO)
Package hobsub Info: Skipping package `atbegshi' (already loaded).
Package: refcount 2016/05/16 v3.5 Data extraction from label references (HO)
Package: hycolor 2016/05/16 v1.8 Color options for hyperref/bookmark (HO)
)
(c:/texlive/2018/texmf-dist/tex/latex/oberdiek/auxhook.sty
Package: auxhook 2016/05/16 v1.4 Hooks for auxiliary files (HO)
)
(c:/texlive/2018/texmf-dist/tex/latex/oberdiek/kvoptions.sty
Package: kvoptions 2016/05/16 v3.12 Key value format for package options (HO)
)
\@linkdim=\dimen163
\Hy@linkcounter=\count120
\Hy@pagecounter=\count121

(c:/texlive/2018/texmf-dist/tex/latex/hyperref/pd1enc.def
File: pd1enc.def 2018/02/06 v6.86b Hyperref: PDFDocEncoding definition (HO)
Now handling font encoding PD1 ...
... no UTF-8 mapping file for font encoding PD1
)
\Hy@SavedSpaceFactor=\count122

(c:/texlive/2018/texmf-dist/tex/latex/latexconfig/hyperref.cfg
File: hyperref.cfg 2002/06/06 v1.2 hyperref configuration of TeXLive
)
Package hyperref Info: Option `bookmarks' set `true' on input line 4383.
Package hyperref Info: Option `bookmarksopen' set `true' on input line 4383.
Package hyperref Info: Option `implicit' set `false' on input line 4383.
Package hyperref Info: Hyper figures OFF on input line 4509.
Package hyperref Info: Link nesting OFF on input line 4514.
Package hyperref Info: Hyper index ON on input line 4517.
Package hyperref Info: Plain pages OFF on input line 4524.
Package hyperref Info: Backreferencing OFF on input line 4529.
Package hyperref Info: Implicit mode OFF; no redefinition of LaTeX internals.
Package hyperref Info: Bookmarks ON on input line 4762.
\c@Hy@tempcnt=\count123

(c:/texlive/2018/texmf-dist/tex/latex/url/url.sty
\Urlmuskip=\muskip10
Package: url 2013/09/16  ver 3.4  Verb mode for urls, etc.
)
LaTeX Info: Redefining \url on input line 5115.
\XeTeXLinkMargin=\dimen164
\Fld@menulength=\count124
\Field@Width=\dimen165
\Fld@charsize=\dimen166
Package hyperref Info: Hyper figures OFF on input line 6369.
Package hyperref Info: Link nesting OFF on input line 6374.
Package hyperref Info: Hyper index ON on input line 6377.
Package hyperref Info: backreferencing OFF on input line 6384.
Package hyperref Info: Link coloring OFF on input line 6389.
Package hyperref Info: Link coloring with OCG OFF on input line 6394.
Package hyperref Info: PDF/A mode OFF on input line 6399.
LaTeX Info: Redefining \ref on input line 6439.
LaTeX Info: Redefining \pageref on input line 6443.
\Hy@abspage=\count125


Package hyperref Message: Stopped early.

)
Package hyperref Info: Driver (autodetected): hpdftex.
 (c:/texlive/2018/texmf-dist/tex/latex/hyperref/hpdftex.def
File: hpdftex.def 2018/02/06 v6.86b Hyperref driver for pdfTeX
\Fld@listcount=\count126
\c@bookmark@seq@number=\count127

(c:/texlive/2018/texmf-dist/tex/latex/oberdiek/rerunfilecheck.sty
Package: rerunfilecheck 2016/05/16 v1.8 Rerun checks for auxiliary files (HO)
Package uniquecounter Info: New unique counter `rerunfilecheck' on input line 2
82.
))
(c:/texlive/2018/texmf-dist/tex/latex/beamer/beamerbaserequires.sty
(c:/texlive/2018/texmf-dist/tex/latex/beamer/beamerbasecompatibility.sty)
(c:/texlive/2018/texmf-dist/tex/latex/beamer/beamerbasefont.sty
(c:/texlive/2018/texmf-dist/tex/latex/amsfonts/amssymb.sty
Package: amssymb 2013/01/14 v3.01 AMS font symbols

(c:/texlive/2018/texmf-dist/tex/latex/amsfonts/amsfonts.sty
Package: amsfonts 2013/01/14 v3.01 Basic AMSFonts support
\@emptytoks=\toks26
\symAMSa=\mathgroup4
\symAMSb=\mathgroup5
LaTeX Font Info:    Overwriting math alphabet `\mathfrak' in version `bold'
(Font)                  U/euf/m/n --> U/euf/b/n on input line 106.
))
(c:/texlive/2018/texmf-dist/tex/latex/sansmathaccent/sansmathaccent.sty
Package: sansmathaccent 2013/03/28

(c:/texlive/2018/texmf-dist/tex/latex/filehook/filehook.sty
Package: filehook 2011/10/12 v0.5d Hooks for input files
)))
(c:/texlive/2018/texmf-dist/tex/latex/beamer/beamerbasetranslator.sty
(c:/texlive/2018/texmf-dist/tex/latex/translator/translator.sty
Package: translator 2018/01/04 v1.12 Easy translation of strings in LaTeX
))
(c:/texlive/2018/texmf-dist/tex/latex/beamer/beamerbasemisc.sty)
(c:/texlive/2018/texmf-dist/tex/latex/beamer/beamerbasetwoscreens.sty)
(c:/texlive/2018/texmf-dist/tex/latex/beamer/beamerbaseoverlay.sty
\beamer@argscount=\count128
\beamer@lastskipcover=\skip44
\beamer@trivlistdepth=\count129
)
(c:/texlive/2018/texmf-dist/tex/latex/beamer/beamerbasetitle.sty)
(c:/texlive/2018/texmf-dist/tex/latex/beamer/beamerbasesection.sty
\c@lecture=\count130
\c@part=\count131
\c@section=\count132
\c@subsection=\count133
\c@subsubsection=\count134
)
(c:/texlive/2018/texmf-dist/tex/latex/beamer/beamerbaseframe.sty
\beamer@framebox=\box40
\beamer@frametitlebox=\box41
\beamer@zoombox=\box42
\beamer@zoomcount=\count135
\beamer@zoomframecount=\count136
\beamer@frametextheight=\dimen167
\c@subsectionslide=\count137
\beamer@frametopskip=\skip45
\beamer@framebottomskip=\skip46
\beamer@frametopskipautobreak=\skip47
\beamer@framebottomskipautobreak=\skip48
\beamer@envbody=\toks27
\framewidth=\dimen168
\c@framenumber=\count138
)
(c:/texlive/2018/texmf-dist/tex/latex/beamer/beamerbaseverbatim.sty
\beamer@verbatimfileout=\write4
)
(c:/texlive/2018/texmf-dist/tex/latex/beamer/beamerbaseframesize.sty
\beamer@splitbox=\box43
\beamer@autobreakcount=\count139
\beamer@autobreaklastheight=\dimen169
\beamer@frametitletoks=\toks28
\beamer@framesubtitletoks=\toks29
)
(c:/texlive/2018/texmf-dist/tex/latex/beamer/beamerbaseframecomponents.sty
\beamer@footins=\box44
)
(c:/texlive/2018/texmf-dist/tex/latex/beamer/beamerbasecolor.sty)
(c:/texlive/2018/texmf-dist/tex/latex/beamer/beamerbasenotes.sty
\beamer@frameboxcopy=\box45
)
(c:/texlive/2018/texmf-dist/tex/latex/beamer/beamerbasetoc.sty)
(c:/texlive/2018/texmf-dist/tex/latex/beamer/beamerbasetemplates.sty
\beamer@sbttoks=\toks30

(c:/texlive/2018/texmf-dist/tex/latex/beamer/beamerbaseauxtemplates.sty
(c:/texlive/2018/texmf-dist/tex/latex/beamer/beamerbaseboxes.sty
\bmb@box=\box46
\bmb@colorbox=\box47
\bmb@boxshadow=\box48
\bmb@boxshadowball=\box49
\bmb@boxshadowballlarge=\box50
\bmb@temp=\dimen170
\bmb@dima=\dimen171
\bmb@dimb=\dimen172
\bmb@prevheight=\dimen173
)
\beamer@blockheadheight=\dimen174
))
(c:/texlive/2018/texmf-dist/tex/latex/beamer/beamerbaselocalstructure.sty
(c:/texlive/2018/texmf-dist/tex/latex/tools/enumerate.sty
Package: enumerate 2015/07/23 v3.00 enumerate extensions (DPC)
\@enLab=\toks31
)
\c@figure=\count140
\c@table=\count141
\abovecaptionskip=\skip49
\belowcaptionskip=\skip50
)
(c:/texlive/2018/texmf-dist/tex/latex/beamer/beamerbasenavigation.sty
\beamer@section@min@dim=\dimen175
)
(c:/texlive/2018/texmf-dist/tex/latex/beamer/beamerbasetheorems.sty
(c:/texlive/2018/texmf-dist/tex/latex/amsmath/amsmath.sty
Package: amsmath 2017/09/02 v2.17a AMS math features
\@mathmargin=\skip51

For additional information on amsmath, use the `?' option.
(c:/texlive/2018/texmf-dist/tex/latex/amsmath/amstext.sty
Package: amstext 2000/06/29 v2.01 AMS text

(c:/texlive/2018/texmf-dist/tex/latex/amsmath/amsgen.sty
File: amsgen.sty 1999/11/30 v2.0 generic functions
\@emptytoks=\toks32
\ex@=\dimen176
))
(c:/texlive/2018/texmf-dist/tex/latex/amsmath/amsbsy.sty
Package: amsbsy 1999/11/29 v1.2d Bold Symbols
\pmbraise@=\dimen177
)
(c:/texlive/2018/texmf-dist/tex/latex/amsmath/amsopn.sty
Package: amsopn 2016/03/08 v2.02 operator names
)
\inf@bad=\count142
LaTeX Info: Redefining \frac on input line 213.
\uproot@=\count143
\leftroot@=\count144
LaTeX Info: Redefining \overline on input line 375.
\classnum@=\count145
\DOTSCASE@=\count146
LaTeX Info: Redefining \ldots on input line 472.
LaTeX Info: Redefining \dots on input line 475.
LaTeX Info: Redefining \cdots on input line 596.
\Mathstrutbox@=\box51
\strutbox@=\box52
\big@size=\dimen178
LaTeX Font Info:    Redeclaring font encoding OML on input line 712.
LaTeX Font Info:    Redeclaring font encoding OMS on input line 713.
\macc@depth=\count147
\c@MaxMatrixCols=\count148
\dotsspace@=\muskip11
\c@parentequation=\count149
\dspbrk@lvl=\count150
\tag@help=\toks33
\row@=\count151
\column@=\count152
\maxfields@=\count153
\andhelp@=\toks34
\eqnshift@=\dimen179
\alignsep@=\dimen180
\tagshift@=\dimen181
\tagwidth@=\dimen182
\totwidth@=\dimen183
\lineht@=\dimen184
\@envbody=\toks35
\multlinegap=\skip52
\multlinetaggap=\skip53
\mathdisplay@stack=\toks36
LaTeX Info: Redefining \[ on input line 2817.
LaTeX Info: Redefining \] on input line 2818.
)
(c:/texlive/2018/texmf-dist/tex/latex/amscls/amsthm.sty
Package: amsthm 2017/10/31 v2.20.4
\thm@style=\toks37
\thm@bodyfont=\toks38
\thm@headfont=\toks39
\thm@notefont=\toks40
\thm@headpunct=\toks41
\thm@preskip=\skip54
\thm@postskip=\skip55
\thm@headsep=\skip56
\dth@everypar=\toks42
)
\c@theorem=\count154
)
(c:/texlive/2018/texmf-dist/tex/latex/beamer/beamerbasethemes.sty))
(c:/texlive/2018/texmf-dist/tex/latex/beamer/beamerthemedefault.sty
(c:/texlive/2018/texmf-dist/tex/latex/beamer/beamerfontthemedefault.sty)
(c:/texlive/2018/texmf-dist/tex/latex/beamer/beamercolorthemedefault.sty)
(c:/texlive/2018/texmf-dist/tex/latex/beamer/beamerinnerthemedefault.sty
\beamer@dima=\dimen185
\beamer@dimb=\dimen186
)
(c:/texlive/2018/texmf-dist/tex/latex/beamer/beamerouterthemedefault.sty)))
(c:/texlive/2018/texmf-dist/tex/latex/beamer/beamerthemeMadrid.sty
(c:/texlive/2018/texmf-dist/tex/latex/beamer/beamercolorthemewhale.sty)
(c:/texlive/2018/texmf-dist/tex/latex/beamer/beamercolorthemeorchid.sty)
(c:/texlive/2018/texmf-dist/tex/latex/beamer/beamerinnerthemerounded.sty)
(c:/texlive/2018/texmf-dist/tex/latex/beamer/beamerouterthemeinfolines.sty))
(c:/texlive/2018/texmf-dist/tex/latex/pgfgantt/pgfgantt.sty
Package: pgfgantt 2018/01/10 v5.0 Draw Gantt diagrams with TikZ

(c:/texlive/2018/texmf-dist/tex/latex/pgf/frontendlayer/tikz.sty
(c:/texlive/2018/texmf-dist/tex/latex/pgf/basiclayer/pgf.sty
Package: pgf 2015/08/07 v3.0.1a (rcs-revision 1.15)

(c:/texlive/2018/texmf-dist/tex/generic/pgf/modules/pgfmoduleshapes.code.tex
File: pgfmoduleshapes.code.tex 2014/03/21  (rcs-revision 1.35)
\pgfnodeparttextbox=\box53
)
(c:/texlive/2018/texmf-dist/tex/generic/pgf/modules/pgfmoduleplot.code.tex
File: pgfmoduleplot.code.tex 2015/08/03  (rcs-revision 1.13)
)
(c:/texlive/2018/texmf-dist/tex/latex/pgf/compatibility/pgfcomp-version-0-65.st
y
Package: pgfcomp-version-0-65 2007/07/03 v3.0.1a (rcs-revision 1.7)
\pgf@nodesepstart=\dimen187
\pgf@nodesepend=\dimen188
)
(c:/texlive/2018/texmf-dist/tex/latex/pgf/compatibility/pgfcomp-version-1-18.st
y
Package: pgfcomp-version-1-18 2007/07/23 v3.0.1a (rcs-revision 1.1)
)) (c:/texlive/2018/texmf-dist/tex/latex/pgf/utilities/pgffor.sty
(c:/texlive/2018/texmf-dist/tex/latex/pgf/utilities/pgfkeys.sty
(c:/texlive/2018/texmf-dist/tex/generic/pgf/utilities/pgfkeys.code.tex))
(c:/texlive/2018/texmf-dist/tex/latex/pgf/math/pgfmath.sty
(c:/texlive/2018/texmf-dist/tex/generic/pgf/math/pgfmath.code.tex))
(c:/texlive/2018/texmf-dist/tex/generic/pgf/utilities/pgffor.code.tex
Package: pgffor 2013/12/13 v3.0.1a (rcs-revision 1.25)

(c:/texlive/2018/texmf-dist/tex/generic/pgf/math/pgfmath.code.tex)
\pgffor@iter=\dimen189
\pgffor@skip=\dimen190
\pgffor@stack=\toks43
\pgffor@toks=\toks44
))
(c:/texlive/2018/texmf-dist/tex/generic/pgf/frontendlayer/tikz/tikz.code.tex
Package: tikz 2015/08/07 v3.0.1a (rcs-revision 1.151)

(c:/texlive/2018/texmf-dist/tex/generic/pgf/libraries/pgflibraryplothandlers.co
de.tex
File: pgflibraryplothandlers.code.tex 2013/08/31 v3.0.1a (rcs-revision 1.20)
\pgf@plot@mark@count=\count155
\pgfplotmarksize=\dimen191
)
\tikz@lastx=\dimen192
\tikz@lasty=\dimen193
\tikz@lastxsaved=\dimen194
\tikz@lastysaved=\dimen195
\tikzleveldistance=\dimen196
\tikzsiblingdistance=\dimen197
\tikz@figbox=\box54
\tikz@figbox@bg=\box55
\tikz@tempbox=\box56
\tikz@tempbox@bg=\box57
\tikztreelevel=\count156
\tikznumberofchildren=\count157
\tikznumberofcurrentchild=\count158
\tikz@fig@count=\count159

(c:/texlive/2018/texmf-dist/tex/generic/pgf/modules/pgfmodulematrix.code.tex
File: pgfmodulematrix.code.tex 2013/09/17  (rcs-revision 1.8)
\pgfmatrixcurrentrow=\count160
\pgfmatrixcurrentcolumn=\count161
\pgf@matrix@numberofcolumns=\count162
)
\tikz@expandcount=\count163

(c:/texlive/2018/texmf-dist/tex/generic/pgf/frontendlayer/tikz/libraries/tikzli
brarytopaths.code.tex
File: tikzlibrarytopaths.code.tex 2008/06/17 v3.0.1a (rcs-revision 1.2)
)))
(c:/texlive/2018/texmf-dist/tex/generic/pgf/frontendlayer/tikz/libraries/tikzli
braryarrows.code.tex
File: tikzlibraryarrows.code.tex 2008/01/09 v3.0.1a (rcs-revision 1.1)

(c:/texlive/2018/texmf-dist/tex/generic/pgf/libraries/pgflibraryarrows.code.tex
File: pgflibraryarrows.code.tex 2013/09/23 v3.0.1a (rcs-revision 1.16)
\arrowsize=\dimen198
))
(c:/texlive/2018/texmf-dist/tex/generic/pgf/frontendlayer/tikz/libraries/tikzli
brarybackgrounds.code.tex
File: tikzlibrarybackgrounds.code.tex 2013/07/18 v3.0.1a (rcs-revision 1.3)
\pgf@layerbox@background=\box58
\pgf@layerboxsaved@background=\box59
)
(c:/texlive/2018/texmf-dist/tex/generic/pgf/frontendlayer/tikz/libraries/tikzli
brarycalc.code.tex
File: tikzlibrarycalc.code.tex 2013/07/15 v3.0.1a (rcs-revision 1.9)
)
(c:/texlive/2018/texmf-dist/tex/generic/pgf/frontendlayer/tikz/libraries/tikzli
brarypatterns.code.tex
File: tikzlibrarypatterns.code.tex 2008/01/15 v3.0.1a (rcs-revision 1.2)

(c:/texlive/2018/texmf-dist/tex/generic/pgf/libraries/pgflibrarypatterns.code.t
ex
File: pgflibrarypatterns.code.tex 2008/03/03 v3.0.1a (rcs-revision 1.13)
))
(c:/texlive/2018/texmf-dist/tex/generic/pgf/frontendlayer/tikz/libraries/tikzli
brarypositioning.code.tex
File: tikzlibrarypositioning.code.tex 2008/10/06 v3.0.1a (rcs-revision 1.7)
)
(c:/texlive/2018/texmf-dist/tex/generic/pgf/frontendlayer/tikz/libraries/tikzli
braryshapes.geometric.code.tex
File: tikzlibraryshapes.geometric.code.tex 2008/01/09 v3.0.1a (rcs-revision 1.1
)

(c:/texlive/2018/texmf-dist/tex/generic/pgf/libraries/shapes/pgflibraryshapes.g
eometric.code.tex
File: pgflibraryshapes.geometric.code.tex 2008/06/26 v3.0.1a (rcs-revision 1.1)

))
(c:/texlive/2018/texmf-dist/tex/latex/pgf/utilities/pgfcalendar.sty
(c:/texlive/2018/texmf-dist/tex/generic/pgf/utilities/pgfcalendar.code.tex
File: pgfcalendar.code.tex 2007/07/23 v3.0.1a (rcs-revision 1.11)
\pgfcalendarcurrentjulian=\count164
))
\gtt@currentline=\count165
\gtt@lasttitleline=\count166
\gtt@currgrid=\count167
\gtt@chartwidth=\count168
\gtt@lasttitleslot=\count169
\gtt@elementid=\count170
\gtt@today@slot=\count171
\gtt@startjulian=\count172
\gtt@endjulian=\count173
\gtt@chartid=\count174
\gtt@vrule@slot=\count175
\gtt@calendar@slots=\count176
\gtt@calendar@weeknumber=\count177
\gtt@calendar@startofweek=\count178
\gtt@left@slot=\count179
\gtt@right@slot=\count180
)
(c:/texlive/2018/texmf-dist/tex/latex/todonotes/todonotes.sty
Package: todonotes 2015/07/09 .dtx Todonotes source and documentation.
Package: todonotes 2012/07/25

(c:/texlive/2018/texmf-dist/tex/latex/base/ifthen.sty
Package: ifthen 2014/09/29 v1.1c Standard LaTeX ifthen package (DPC)
)
(c:/texlive/2018/texmf-dist/tex/latex/xkeyval/xkeyval.sty
Package: xkeyval 2014/12/03 v2.7a package option processing (HA)

(c:/texlive/2018/texmf-dist/tex/generic/xkeyval/xkeyval.tex
(c:/texlive/2018/texmf-dist/tex/generic/xkeyval/xkvutils.tex
\XKV@toks=\toks45
\XKV@tempa@toks=\toks46
)
\XKV@depth=\count181
File: xkeyval.tex 2014/12/03 v2.7a key=value parser (HA)
))
(c:/texlive/2018/texmf-dist/tex/latex/tools/calc.sty
Package: calc 2017/05/25 v4.3 Infix arithmetic (KKT,FJ)
\calc@Acount=\count182
\calc@Bcount=\count183
\calc@Adimen=\dimen199
\calc@Bdimen=\dimen256
\calc@Askip=\skip57
\calc@Bskip=\skip58
LaTeX Info: Redefining \setlength on input line 80.
LaTeX Info: Redefining \addtolength on input line 81.
\calc@Ccount=\count184
\calc@Cskip=\skip59
)
\c@@todonotes@numberoftodonotes=\count185
)
(c:/texlive/2018/texmf-dist/tex/latex/media9/media9.sty
(c:/texlive/2018/texmf-dist/tex/latex/l3kernel/expl3.sty
Package: expl3 2018-09-24 L3 programming layer (loader) 

(c:/texlive/2018/texmf-dist/tex/latex/l3kernel/expl3-code.tex
Package: expl3 2018-09-24 L3 programming layer (code)
\c_max_int=\count186
\l_tmpa_int=\count187
\l_tmpb_int=\count188
\g_tmpa_int=\count189
\g_tmpb_int=\count190
\g__kernel_prg_map_int=\count191
\c_log_iow=\count192
\l_iow_line_count_int=\count193
\l__iow_line_target_int=\count194
\l__iow_one_indent_int=\count195
\l__iow_indent_int=\count196
\c_zero_dim=\dimen257
\c_max_dim=\dimen258
\l_tmpa_dim=\dimen259
\l_tmpb_dim=\dimen260
\g_tmpa_dim=\dimen261
\g_tmpb_dim=\dimen262
\c_zero_skip=\skip60
\c_max_skip=\skip61
\l_tmpa_skip=\skip62
\l_tmpb_skip=\skip63
\g_tmpa_skip=\skip64
\g_tmpb_skip=\skip65
\c_zero_muskip=\muskip12
\c_max_muskip=\muskip13
\l_tmpa_muskip=\muskip14
\l_tmpb_muskip=\muskip15
\g_tmpa_muskip=\muskip16
\g_tmpb_muskip=\muskip17
\l_keys_choice_int=\count197
\l__intarray_loop_int=\count198
\c__intarray_sp_dim=\dimen263
\g__intarray_font_int=\count199
\c__fp_leading_shift_int=\count266
\c__fp_middle_shift_int=\count267
\c__fp_trailing_shift_int=\count268
\c__fp_big_leading_shift_int=\count269
\c__fp_big_middle_shift_int=\count270
\c__fp_big_trailing_shift_int=\count271
\c__fp_Bigg_leading_shift_int=\count272
\c__fp_Bigg_middle_shift_int=\count273
\c__fp_Bigg_trailing_shift_int=\count274
\c__kernel_randint_max_int=\count275
\g__fp_array_int=\count276
\l__fp_array_loop_int=\count277
\l__sort_length_int=\count278
\l__sort_min_int=\count279
\l__sort_top_int=\count280
\l__sort_max_int=\count281
\l__sort_true_max_int=\count282
\l__sort_block_int=\count283
\l__sort_begin_int=\count284
\l__sort_end_int=\count285
\l__sort_A_int=\count286
\l__sort_B_int=\count287
\l__sort_C_int=\count288
\l__tl_analysis_normal_int=\count289
\l__tl_analysis_index_int=\count290
\l__tl_analysis_nesting_int=\count291
\l__tl_analysis_type_int=\count292
\l__regex_internal_a_int=\count293
\l__regex_internal_b_int=\count294
\l__regex_internal_c_int=\count295
\l__regex_balance_int=\count296
\l__regex_group_level_int=\count297
\l__regex_mode_int=\count298
\c__regex_cs_in_class_mode_int=\count299
\c__regex_cs_mode_int=\count300
\l__regex_catcodes_int=\count301
\l__regex_default_catcodes_int=\count302
\c__regex_catcode_D_int=\count303
\c__regex_catcode_S_int=\count304
\c__regex_catcode_L_int=\count305
\c__regex_catcode_O_int=\count306
\c__regex_catcode_A_int=\count307
\c__regex_all_catcodes_int=\count308
\l__regex_show_lines_int=\count309
\l__regex_min_state_int=\count310
\l__regex_max_state_int=\count311
\l__regex_left_state_int=\count312
\l__regex_right_state_int=\count313
\l__regex_capturing_group_int=\count314
\l__regex_min_pos_int=\count315
\l__regex_max_pos_int=\count316
\l__regex_curr_pos_int=\count317
\l__regex_start_pos_int=\count318
\l__regex_success_pos_int=\count319
\l__regex_curr_char_int=\count320
\l__regex_curr_catcode_int=\count321
\l__regex_last_char_int=\count322
\l__regex_case_changed_char_int=\count323
\l__regex_curr_state_int=\count324
\l__regex_step_int=\count325
\l__regex_min_active_int=\count326
\l__regex_max_active_int=\count327
\l__regex_replacement_csnames_int=\count328
\l__regex_match_count_int=\count329
\l__regex_min_submatch_int=\count330
\l__regex_submatch_int=\count331
\l__regex_zeroth_submatch_int=\count332
\g__regex_trace_regex_int=\count333
\c_empty_box=\box60
\l_tmpa_box=\box61
\l_tmpb_box=\box62
\g_tmpa_box=\box63
\g_tmpb_box=\box64
\l__box_top_dim=\dimen264
\l__box_bottom_dim=\dimen265
\l__box_left_dim=\dimen266
\l__box_right_dim=\dimen267
\l__box_top_new_dim=\dimen268
\l__box_bottom_new_dim=\dimen269
\l__box_left_new_dim=\dimen270
\l__box_right_new_dim=\dimen271
\l__box_internal_box=\box65
\l__coffin_internal_box=\box66
\l__coffin_internal_dim=\dimen272
\l__coffin_offset_x_dim=\dimen273
\l__coffin_offset_y_dim=\dimen274
\l__coffin_x_dim=\dimen275
\l__coffin_y_dim=\dimen276
\l__coffin_x_prime_dim=\dimen277
\l__coffin_y_prime_dim=\dimen278
\c_empty_coffin=\box67
\l__coffin_aligned_coffin=\box68
\l__coffin_aligned_internal_coffin=\box69
\l_tmpa_coffin=\box70
\l_tmpb_coffin=\box71
\l__coffin_display_coffin=\box72
\l__coffin_display_coord_coffin=\box73
\l__coffin_display_pole_coffin=\box74
\l__coffin_display_offset_dim=\dimen279
\l__coffin_display_x_dim=\dimen280
\l__coffin_display_y_dim=\dimen281
\g__file_internal_ior=\read2
\l__coffin_bounding_shift_dim=\dimen282
\l__coffin_left_corner_dim=\dimen283
\l__coffin_right_corner_dim=\dimen284
\l__coffin_bottom_corner_dim=\dimen285
\l__coffin_top_corner_dim=\dimen286
\l__coffin_scaled_total_height_dim=\dimen287
\l__coffin_scaled_width_dim=\dimen288
\l__seq_internal_a_int=\count334
\l__seq_internal_b_int=\count335
)
(c:/texlive/2018/texmf-dist/tex/latex/l3kernel/l3pdfmode.def
File: l3pdfmode.def 2018-09-24 v L3 Experimental driver: PDF mode
\l__driver_color_stack_int=\count336
))
(c:/texlive/2018/texmf-dist/tex/latex/l3packages/l3keys2e/l3keys2e.sty
Package: l3keys2e 2018-09-24 LaTeX2e option processing using LaTeX3 keys
)
(c:/texlive/2018/texmf-dist/tex/latex/l3packages/xparse/xparse.sty
Package: xparse 2018-09-24 L3 Experimental document command parser
\l__xparse_current_arg_int=\count337
\g__xparse_grabber_int=\count338
\l__xparse_m_args_int=\count339
\l__xparse_mandatory_args_int=\count340
\l__xparse_v_nesting_int=\count341
)
Package: media9 2018/06/07 v0.93 acrobat-9/X compatible media
\g_mix_pkgresizeflag_int=\count342

(c:/texlive/2018/texmf-dist/tex/latex/media9/pdfbase.sty
Package: pdfbase 2018/06/07 v0.24 driver independent access to low-level PDF fe
atures
\g_pbs_page_int=\count343
\g_pbs_oc_int=\count344
)
(c:/texlive/2018/texmf-dist/tex/latex/ocgx2/ocgbase.sty
Package: ocgbase 2018/06/07 v0.14 support package for ocgx2.sty
\g_ocgbase_nd_int=\count345
)
\l_mix_poster_box=\box75
\g_mix_wd_dim=\dimen289
\g_mix_ht_dim=\dimen290
\g_mix_dp_dim=\dimen291
\g_mix_rmcnt_int=\count346
\l_mix_viewcnt_int=\count347
\g@mix@page@int=\count348
\g_mix_resizeflag_int=\count349
\l_mix_lineno_int=\count350
.................................................
. LaTeX info: "xparse/define-command"
. 
. Defining command \addmediapath with sig. 'm' on line 804.
.................................................
\l_mix_pbtn_box=\box76
\mix@btn@dim=\dimen292
.................................................
. LaTeX info: "xparse/define-command"
. 
. Defining command \includemedia with sig. 'O{}mm' on line 1212.
.................................................
\g_mix_mbtncnt_int=\count351
.................................................
. LaTeX info: "xparse/define-command"
. 
. Defining command \mediabutton with sig. 'O{}m' on line 2418.
.................................................
)
(c:/texlive/2018/texmf-dist/tex/latex/subfigure/subfigure.sty
Package: subfigure 2002/03/15 v2.1.5 subfigure package
\subfigtopskip=\skip66
\subfigcapskip=\skip67
\subfigcaptopadj=\dimen293
\subfigbottomskip=\skip68
\subfigcapmargin=\dimen294
\subfiglabelskip=\skip69
\c@subfigure=\count352
\c@lofdepth=\count353
\c@subtable=\count354
\c@lotdepth=\count355

****************************************
* Local config file subfigure.cfg used *
****************************************
(c:/texlive/2018/texmf-dist/tex/latex/subfigure/subfigure.cfg)
\subfig@top=\skip70
\subfig@bottom=\skip71
)
(./finalReportPres.aux)
\openout1 = `finalReportPres.aux'.

LaTeX Font Info:    Checking defaults for OML/cmm/m/it on input line 118.
LaTeX Font Info:    ... okay on input line 118.
LaTeX Font Info:    Checking defaults for T1/cmr/m/n on input line 118.
LaTeX Font Info:    ... okay on input line 118.
LaTeX Font Info:    Checking defaults for OT1/cmr/m/n on input line 118.
LaTeX Font Info:    ... okay on input line 118.
LaTeX Font Info:    Checking defaults for OMS/cmsy/m/n on input line 118.
LaTeX Font Info:    ... okay on input line 118.
LaTeX Font Info:    Checking defaults for OMX/cmex/m/n on input line 118.
LaTeX Font Info:    ... okay on input line 118.
LaTeX Font Info:    Checking defaults for U/cmr/m/n on input line 118.
LaTeX Font Info:    ... okay on input line 118.
LaTeX Font Info:    Checking defaults for PD1/pdf/m/n on input line 118.
LaTeX Font Info:    ... okay on input line 118.

*geometry* driver: auto-detecting
*geometry* detected driver: pdftex
*geometry* verbose mode - [ preamble ] result:
* driver: pdftex
* paper: custom
* layout: <same size as paper>
* layoutoffset:(h,v)=(0.0pt,0.0pt)
* modes: includehead includefoot 
* h-part:(L,W,R)=(10.95003pt, 342.2953pt, 10.95003pt)
* v-part:(T,H,B)=(0.0pt, 273.14662pt, 0.0pt)
* \paperwidth=364.19536pt
* \paperheight=273.14662pt
* \textwidth=342.2953pt
* \textheight=244.6939pt
* \oddsidemargin=-61.31996pt
* \evensidemargin=-61.31996pt
* \topmargin=-72.26999pt
* \headheight=14.22636pt
* \headsep=0.0pt
* \topskip=11.0pt
* \footskip=14.22636pt
* \marginparwidth=4.0pt
* \marginparsep=10.0pt
* \columnsep=10.0pt
* \skip\footins=10.0pt plus 4.0pt minus 2.0pt
* \hoffset=0.0pt
* \voffset=0.0pt
* \mag=1000
* \@twocolumnfalse
* \@twosidefalse
* \@mparswitchfalse
* \@reversemarginfalse
* (1in=72.27pt=25.4mm, 1cm=28.453pt)

(c:/texlive/2018/texmf-dist/tex/context/base/mkii/supp-pdf.mkii
[Loading MPS to PDF converter (version 2006.09.02).]
\scratchcounter=\count356
\scratchdimen=\dimen295
\scratchbox=\box77
\nofMPsegments=\count357
\nofMParguments=\count358
\everyMPshowfont=\toks47
\MPscratchCnt=\count359
\MPscratchDim=\dimen296
\MPnumerator=\count360
\makeMPintoPDFobject=\count361
\everyMPtoPDFconversion=\toks48
) (c:/texlive/2018/texmf-dist/tex/latex/oberdiek/epstopdf-base.sty
Package: epstopdf-base 2016/05/15 v2.6 Base part for package epstopdf

(c:/texlive/2018/texmf-dist/tex/latex/oberdiek/grfext.sty
Package: grfext 2016/05/16 v1.2 Manage graphics extensions (HO)
)
Package epstopdf-base Info: Redefining graphics rule for `.eps' on input line 4
38.
Package grfext Info: Graphics extension search list:
(grfext)             [.pdf,.png,.jpg,.mps,.jpeg,.jbig2,.jb2,.PDF,.PNG,.JPG,.JPE
G,.JBIG2,.JB2,.eps]
(grfext)             \AppendGraphicsExtensions on input line 456.

(c:/texlive/2018/texmf-dist/tex/latex/latexconfig/epstopdf-sys.cfg
File: epstopdf-sys.cfg 2010/07/13 v1.3 Configuration of (r)epstopdf for TeX Liv
e
))
ABD: EveryShipout initializing macros
\AtBeginShipoutBox=\box78
Package hyperref Info: Link coloring OFF on input line 118.

(c:/texlive/2018/texmf-dist/tex/latex/hyperref/nameref.sty
Package: nameref 2016/05/21 v2.44 Cross-referencing by name of section

(c:/texlive/2018/texmf-dist/tex/generic/oberdiek/gettitlestring.sty
Package: gettitlestring 2016/05/16 v1.5 Cleanup title references (HO)
)
\c@section@level=\count362
)
LaTeX Info: Redefining \ref on input line 118.
LaTeX Info: Redefining \pageref on input line 118.
LaTeX Info: Redefining \nameref on input line 118.

(./finalReportPres.out) (./finalReportPres.out)
\@outlinefile=\write5
\openout5 = `finalReportPres.out'.

LaTeX Font Info:    Overwriting symbol font `operators' in version `normal'
(Font)                  OT1/cmr/m/n --> OT1/cmss/m/n on input line 118.
LaTeX Font Info:    Overwriting symbol font `operators' in version `bold'
(Font)                  OT1/cmr/bx/n --> OT1/cmss/bx/n on input line 118.
\symnumbers=\mathgroup6
\sympureletters=\mathgroup7
LaTeX Font Info:    Overwriting math alphabet `\mathrm' in version `normal'
(Font)                  OT1/cmss/m/n --> OT1/cmr/m/n on input line 118.
LaTeX Font Info:    Redeclaring math alphabet \mathbf on input line 118.
LaTeX Font Info:    Overwriting math alphabet `\mathbf' in version `normal'
(Font)                  OT1/cmr/bx/n --> OT1/cmss/bx/n on input line 118.
LaTeX Font Info:    Overwriting math alphabet `\mathbf' in version `bold'
(Font)                  OT1/cmr/bx/n --> OT1/cmss/bx/n on input line 118.
LaTeX Font Info:    Redeclaring math alphabet \mathsf on input line 118.
LaTeX Font Info:    Overwriting math alphabet `\mathsf' in version `normal'
(Font)                  OT1/cmss/m/n --> OT1/cmss/m/n on input line 118.
LaTeX Font Info:    Overwriting math alphabet `\mathsf' in version `bold'
(Font)                  OT1/cmss/bx/n --> OT1/cmss/m/n on input line 118.
LaTeX Font Info:    Redeclaring math alphabet \mathit on input line 118.
LaTeX Font Info:    Overwriting math alphabet `\mathit' in version `normal'
(Font)                  OT1/cmr/m/it --> OT1/cmss/m/it on input line 118.
LaTeX Font Info:    Overwriting math alphabet `\mathit' in version `bold'
(Font)                  OT1/cmr/bx/it --> OT1/cmss/m/it on input line 118.
LaTeX Font Info:    Redeclaring math alphabet \mathtt on input line 118.
LaTeX Font Info:    Overwriting math alphabet `\mathtt' in version `normal'
(Font)                  OT1/cmtt/m/n --> OT1/cmtt/m/n on input line 118.
LaTeX Font Info:    Overwriting math alphabet `\mathtt' in version `bold'
(Font)                  OT1/cmtt/m/n --> OT1/cmtt/m/n on input line 118.
LaTeX Font Info:    Overwriting symbol font `numbers' in version `bold'
(Font)                  OT1/cmss/m/n --> OT1/cmss/bx/n on input line 118.
LaTeX Font Info:    Overwriting symbol font `pureletters' in version `bold'
(Font)                  OT1/cmss/m/it --> OT1/cmss/bx/it on input line 118.
LaTeX Font Info:    Overwriting math alphabet `\mathrm' in version `bold'
(Font)                  OT1/cmss/bx/n --> OT1/cmr/bx/n on input line 118.
LaTeX Font Info:    Overwriting math alphabet `\mathbf' in version `bold'
(Font)                  OT1/cmss/bx/n --> OT1/cmss/bx/n on input line 118.
LaTeX Font Info:    Overwriting math alphabet `\mathsf' in version `bold'
(Font)                  OT1/cmss/m/n --> OT1/cmss/bx/n on input line 118.
LaTeX Font Info:    Overwriting math alphabet `\mathit' in version `bold'
(Font)                  OT1/cmss/m/it --> OT1/cmss/bx/it on input line 118.
LaTeX Font Info:    Overwriting math alphabet `\mathtt' in version `bold'
(Font)                  OT1/cmtt/m/n --> OT1/cmtt/bx/n on input line 118.
LaTeX Font Info:    Redeclaring symbol font `pureletters' on input line 118.
LaTeX Font Info:    Overwriting symbol font `pureletters' in version `normal'
(Font)                  OT1/cmss/m/it --> OT1/mathkerncmss/m/sl on input line 1
18.
LaTeX Font Info:    Overwriting symbol font `pureletters' in version `bold'
(Font)                  OT1/cmss/bx/it --> OT1/mathkerncmss/m/sl on input line 
118.
LaTeX Font Info:    Overwriting symbol font `pureletters' in version `bold'
(Font)                  OT1/mathkerncmss/m/sl --> OT1/mathkerncmss/bx/sl on inp
ut line 118.

(c:/texlive/2018/texmf-dist/tex/latex/translator/translator-basic-dictionary-En
glish.dict
Dictionary: translator-basic-dictionary, Language: English 
)
(c:/texlive/2018/texmf-dist/tex/latex/translator/translator-bibliography-dictio
nary-English.dict
Dictionary: translator-bibliography-dictionary, Language: English 
)
(c:/texlive/2018/texmf-dist/tex/latex/translator/translator-environment-diction
ary-English.dict
Dictionary: translator-environment-dictionary, Language: English 
)
(c:/texlive/2018/texmf-dist/tex/latex/translator/translator-months-dictionary-E
nglish.dict
Dictionary: translator-months-dictionary, Language: English 
)
(c:/texlive/2018/texmf-dist/tex/latex/translator/translator-numbers-dictionary-
English.dict
Dictionary: translator-numbers-dictionary, Language: English 
)
(c:/texlive/2018/texmf-dist/tex/latex/translator/translator-theorem-dictionary-
English.dict
Dictionary: translator-theorem-dictionary, Language: English 
)

Package todonotes Warning: The length marginparwidth is less than 2cm and will 
most likely cause issues with the appearance of inserted todonotes. The issue c
an be solved by adding a line like \setlength {\marginparwidth }{2cm} prior to 
loading the todonotes package. on input line 118.

(./finalReportPres.nav)
<figs/logoBU1-Print.pdf, id=97, 481.8pt x 160.6pt>
File: figs/logoBU1-Print.pdf Graphic file (type pdf)
<use figs/logoBU1-Print.pdf>
Package pdftex.def Info: figs/logoBU1-Print.pdf  used on input line 122.
(pdftex.def)             Requested size: 21.33955pt x 7.11151pt.
 [1

{c:/texlive/2018/texmf-var/fonts/map/pdftex/updmap/pdftex.map} <./figs/logoBU1-
Print.pdf>] (./finalReportPres.toc)
File: figs/logoBU1-Print.pdf Graphic file (type pdf)
<use figs/logoBU1-Print.pdf>
Package pdftex.def Info: figs/logoBU1-Print.pdf  used on input line 127.
(pdftex.def)             Requested size: 21.33955pt x 7.11151pt.
 [2

]
File: figs/logoBU1-Print.pdf Graphic file (type pdf)
<use figs/logoBU1-Print.pdf>
Package pdftex.def Info: figs/logoBU1-Print.pdf  used on input line 155.
(pdftex.def)             Requested size: 21.33955pt x 7.11151pt.
 [3

]
<figs/ipe/highLevel_wht_grn.pdf, id=228, 596.2275pt x 410.53375pt>
File: figs/ipe/highLevel_wht_grn.pdf Graphic file (type pdf)
<use figs/ipe/highLevel_wht_grn.pdf>
Package pdftex.def Info: figs/ipe/highLevel_wht_grn.pdf  used on input line 164
.
(pdftex.def)             Requested size: 184.82861pt x 127.26414pt.
File: figs/logoBU1-Print.pdf Graphic file (type pdf)
<use figs/logoBU1-Print.pdf>
Package pdftex.def Info: figs/logoBU1-Print.pdf  used on input line 164.
(pdftex.def)             Requested size: 21.33955pt x 7.11151pt.
 [4

 <./figs/ipe/highLevel_wht_grn.pdf>]
File: figs/logoBU1-Print.pdf Graphic file (type pdf)
<use figs/logoBU1-Print.pdf>
Package pdftex.def Info: figs/logoBU1-Print.pdf  used on input line 177.
(pdftex.def)             Requested size: 21.33955pt x 7.11151pt.
 [5

] (./finalReportPres.toc)
File: figs/logoBU1-Print.pdf Graphic file (type pdf)
<use figs/logoBU1-Print.pdf>
Package pdftex.def Info: figs/logoBU1-Print.pdf  used on input line 183.
(pdftex.def)             Requested size: 21.33955pt x 7.11151pt.
 [6

]

LaTeX Warning: Citation `Ahmed2010-Sliding' on page 7 undefined on input line 1
98.


LaTeX Warning: Citation `Chang2017-Fuzzy' on page 7 undefined on input line 198
.


LaTeX Warning: Citation `Kayacan2016-Fuzzy' on page 7 undefined on input line 1
98.


LaTeX Warning: Citation `Mendez-Monroy2012-Fuzzy' on page 7 undefined on input 
line 198.


LaTeX Warning: Citation `Gao2016-DataDriven' on page 7 undefined on input line 
198.


LaTeX Warning: Citation `Hernandez-Gonzalez2012-Decentralized' on page 7 undefi
ned on input line 198.

File: figs/logoBU1-Print.pdf Graphic file (type pdf)
<use figs/logoBU1-Print.pdf>
Package pdftex.def Info: figs/logoBU1-Print.pdf  used on input line 198.
(pdftex.def)             Requested size: 21.33955pt x 7.11151pt.
[7

] (./finalReportPres.toc)
File: figs/logoBU1-Print.pdf Graphic file (type pdf)
<use figs/logoBU1-Print.pdf>
Package pdftex.def Info: figs/logoBU1-Print.pdf  used on input line 202.
(pdftex.def)             Requested size: 21.33955pt x 7.11151pt.
 [8

]
<figs/img/helicopterModel.png, id=422, 404.26031pt x 292.84406pt>
File: figs/img/helicopterModel.png Graphic file (type png)
<use figs/img/helicopterModel.png>
Package pdftex.def Info: figs/img/helicopterModel.png  used on input line 223.
(pdftex.def)             Requested size: 171.14764pt x 123.98119pt.
LaTeX Font Info:    Try loading font information for U+msa on input line 223.

(c:/texlive/2018/texmf-dist/tex/latex/amsfonts/umsa.fd
File: umsa.fd 2013/01/14 v3.01 AMS symbols A
)
LaTeX Font Info:    Try loading font information for U+msb on input line 223.

(c:/texlive/2018/texmf-dist/tex/latex/amsfonts/umsb.fd
File: umsb.fd 2013/01/14 v3.01 AMS symbols B
)
LaTeX Font Info:    Try loading font information for OT1+mathkerncmss on input 
line 223.

(c:/texlive/2018/texmf-dist/tex/latex/sansmathaccent/ot1mathkerncmss.fd
File: ot1mathkerncmss.fd 2013/03/27 Fontinst v1.933 font definitions for OT1/ma
thkerncmss.
)
<figs/img/QuanserAero.png, id=424, 349.5459pt x 179.2296pt>
File: figs/img/QuanserAero.png Graphic file (type png)
<use figs/img/QuanserAero.png>
Package pdftex.def Info: figs/img/QuanserAero.png  used on input line 223.
(pdftex.def)             Requested size: 171.14764pt x 87.75761pt.
File: figs/logoBU1-Print.pdf Graphic file (type pdf)
<use figs/logoBU1-Print.pdf>
Package pdftex.def Info: figs/logoBU1-Print.pdf  used on input line 223.
(pdftex.def)             Requested size: 21.33955pt x 7.11151pt.

[9

 <./figs/img/helicopterModel.png> <./figs/img/quanserAero.png>]
File: figs/logoBU1-Print.pdf Graphic file (type pdf)
<use figs/logoBU1-Print.pdf>
Package pdftex.def Info: figs/logoBU1-Print.pdf  used on input line 243.
(pdftex.def)             Requested size: 21.33955pt x 7.11151pt.
 [10

]
File: figs/logoBU1-Print.pdf Graphic file (type pdf)
<use figs/logoBU1-Print.pdf>
Package pdftex.def Info: figs/logoBU1-Print.pdf  used on input line 258.
(pdftex.def)             Requested size: 21.33955pt x 7.11151pt.
 [11

]
File: figs/logoBU1-Print.pdf Graphic file (type pdf)
<use figs/logoBU1-Print.pdf>
Package pdftex.def Info: figs/logoBU1-Print.pdf  used on input line 318.
(pdftex.def)             Requested size: 21.33955pt x 7.11151pt.

[12

]
File: figs/logoBU1-Print.pdf Graphic file (type pdf)
<use figs/logoBU1-Print.pdf>
Package pdftex.def Info: figs/logoBU1-Print.pdf  used on input line 332.
(pdftex.def)             Requested size: 21.33955pt x 7.11151pt.
 [13

] (./finalReportPres.toc)
File: figs/logoBU1-Print.pdf Graphic file (type pdf)
<use figs/logoBU1-Print.pdf>
Package pdftex.def Info: figs/logoBU1-Print.pdf  used on input line 338.
(pdftex.def)             Requested size: 21.33955pt x 7.11151pt.
 [14

]
File: figs/logoBU1-Print.pdf Graphic file (type pdf)
<use figs/logoBU1-Print.pdf>
Package pdftex.def Info: figs/logoBU1-Print.pdf  used on input line 347.
(pdftex.def)             Requested size: 21.33955pt x 7.11151pt.
 [15

] (./finalReportPres.toc)
File: figs/logoBU1-Print.pdf Graphic file (type pdf)
<use figs/logoBU1-Print.pdf>
Package pdftex.def Info: figs/logoBU1-Print.pdf  used on input line 366.
(pdftex.def)             Requested size: 21.33955pt x 7.11151pt.
 [16

]
<figs/ipe/TCPModel.pdf, id=700, 484.81125pt x 429.605pt>
File: figs/ipe/TCPModel.pdf Graphic file (type pdf)
<use figs/ipe/TCPModel.pdf>
Package pdftex.def Info: figs/ipe/TCPModel.pdf  used on input line 377.
(pdftex.def)             Requested size: 150.28993pt x 133.17616pt.
File: figs/logoBU1-Print.pdf Graphic file (type pdf)
<use figs/logoBU1-Print.pdf>
Package pdftex.def Info: figs/logoBU1-Print.pdf  used on input line 377.
(pdftex.def)             Requested size: 21.33955pt x 7.11151pt.

[17

 <./figs/ipe/TCPModel.pdf>]
<figs/ipe/lowLevel.pdf, id=744, 564.1075pt x 354.32375pt>
File: figs/ipe/lowLevel.pdf Graphic file (type pdf)
<use figs/ipe/lowLevel.pdf>
Package pdftex.def Info: figs/ipe/lowLevel.pdf  used on input line 388.
(pdftex.def)             Requested size: 174.8715pt x 109.83922pt.
File: figs/logoBU1-Print.pdf Graphic file (type pdf)
<use figs/logoBU1-Print.pdf>
Package pdftex.def Info: figs/logoBU1-Print.pdf  used on input line 388.
(pdftex.def)             Requested size: 21.33955pt x 7.11151pt.
 [18

 <./figs/ipe/lowLevel.pdf>]
(./finalReportPres.toc)
File: figs/logoBU1-Print.pdf Graphic file (type pdf)
<use figs/logoBU1-Print.pdf>
Package pdftex.def Info: figs/logoBU1-Print.pdf  used on input line 394.
(pdftex.def)             Requested size: 21.33955pt x 7.11151pt.
 [19

]
<figs/MATLAB/LQR/P_Simulation/LQR_Pos_Con.pdf, id=827, 421.575pt x 316.18124pt>

File: figs/MATLAB/LQR/P_Simulation/LQR_Pos_Con.pdf Graphic file (type pdf)
<use figs/MATLAB/LQR/P_Simulation/LQR_Pos_Con.pdf>
Package pdftex.def Info: figs/MATLAB/LQR/P_Simulation/LQR_Pos_Con.pdf  used on 
input line 411.
(pdftex.def)             Requested size: 160.20015pt x 120.15012pt.
<figs/MATLAB/LQR/P_Simulation/LQR_Volt_Con.pdf, id=828, 421.575pt x 316.18124pt
>
File: figs/MATLAB/LQR/P_Simulation/LQR_Volt_Con.pdf Graphic file (type pdf)
<use figs/MATLAB/LQR/P_Simulation/LQR_Volt_Con.pdf>
Package pdftex.def Info: figs/MATLAB/LQR/P_Simulation/LQR_Volt_Con.pdf  used on
 input line 411.
(pdftex.def)             Requested size: 160.20015pt x 120.15012pt.
File: figs/logoBU1-Print.pdf Graphic file (type pdf)
<use figs/logoBU1-Print.pdf>
Package pdftex.def Info: figs/logoBU1-Print.pdf  used on input line 411.
(pdftex.def)             Requested size: 21.33955pt x 7.11151pt.
 [20

 <./figs/matlab/LQR/P_Simulation/LQR_Pos_Con.pdf> <./figs/matlab/LQR/P_Simulati
on/LQR_Volt_Con.pdf>]
<figs/MATLAB/LQR/P_Simulation/LQR_Error_Con.pdf, id=888, 421.575pt x 316.18124p
t>
File: figs/MATLAB/LQR/P_Simulation/LQR_Error_Con.pdf Graphic file (type pdf)
<use figs/MATLAB/LQR/P_Simulation/LQR_Error_Con.pdf>
Package pdftex.def Info: figs/MATLAB/LQR/P_Simulation/LQR_Error_Con.pdf  used o
n input line 420.
(pdftex.def)             Requested size: 210.78697pt x 158.09023pt.
File: figs/logoBU1-Print.pdf Graphic file (type pdf)
<use figs/logoBU1-Print.pdf>
Package pdftex.def Info: figs/logoBU1-Print.pdf  used on input line 420.
(pdftex.def)             Requested size: 21.33955pt x 7.11151pt.
 [21

 <./figs/matlab/LQR/P_Simulation/LQR_Error_Con.pdf>]
Package epstopdf Info: Source file: <figs/MATLAB/LQR/PI_Sim/Pitch_LQR_Sim.eps>
(epstopdf)                    date: 2019-04-29 13:14:26
(epstopdf)                    size: 55940 bytes
(epstopdf)             Output file: <figs/MATLAB/LQR/PI_Sim/Pitch_LQR_Sim-eps-c
onverted-to.pdf>
(epstopdf)                    date: 2019-04-29 13:14:26
(epstopdf)                    size: 15477 bytes
(epstopdf)             Command: <repstopdf --outfile=figs/MATLAB/LQR/PI_Sim/Pit
ch_LQR_Sim-eps-converted-to.pdf figs/MATLAB/LQR/PI_Sim/Pitch_LQR_Sim.eps>
(epstopdf)             \includegraphics on input line 437.
Package epstopdf Info: Output file is already uptodate.
<figs/MATLAB/LQR/PI_Sim/Pitch_LQR_Sim-eps-converted-to.pdf, id=938, 361.35pt x 
293.095pt>
File: figs/MATLAB/LQR/PI_Sim/Pitch_LQR_Sim-eps-converted-to.pdf Graphic file (t
ype pdf)
<use figs/MATLAB/LQR/PI_Sim/Pitch_LQR_Sim-eps-converted-to.pdf>
Package pdftex.def Info: figs/MATLAB/LQR/PI_Sim/Pitch_LQR_Sim-eps-converted-to.
pdf  used on input line 437.
(pdftex.def)             Requested size: 137.31442pt x 111.37724pt.
Package epstopdf Info: Source file: <figs/MATLAB/LQR/PI_Sim/Yaw_LQR_Sim.eps>
(epstopdf)                    date: 2019-04-29 13:14:26
(epstopdf)                    size: 58903 bytes
(epstopdf)             Output file: <figs/MATLAB/LQR/PI_Sim/Yaw_LQR_Sim-eps-con
verted-to.pdf>
(epstopdf)                    date: 2019-04-29 13:14:26
(epstopdf)                    size: 15219 bytes
(epstopdf)             Command: <repstopdf --outfile=figs/MATLAB/LQR/PI_Sim/Yaw
_LQR_Sim-eps-converted-to.pdf figs/MATLAB/LQR/PI_Sim/Yaw_LQR_Sim.eps>
(epstopdf)             \includegraphics on input line 437.
Package epstopdf Info: Output file is already uptodate.
<figs/MATLAB/LQR/PI_Sim/Yaw_LQR_Sim-eps-converted-to.pdf, id=939, 367.3725pt x 
293.095pt>
File: figs/MATLAB/LQR/PI_Sim/Yaw_LQR_Sim-eps-converted-to.pdf Graphic file (typ
e pdf)
<use figs/MATLAB/LQR/PI_Sim/Yaw_LQR_Sim-eps-converted-to.pdf>
Package pdftex.def Info: figs/MATLAB/LQR/PI_Sim/Yaw_LQR_Sim-eps-converted-to.pd
f  used on input line 437.
(pdftex.def)             Requested size: 139.60298pt x 111.37724pt.
File: figs/logoBU1-Print.pdf Graphic file (type pdf)
<use figs/logoBU1-Print.pdf>
Package pdftex.def Info: figs/logoBU1-Print.pdf  used on input line 437.
(pdftex.def)             Requested size: 21.33955pt x 7.11151pt.
 [22

 <./figs/matlab/LQR/PI_Sim/Pitch_LQR_Sim-eps-converted-to.pdf> <./figs/matlab/L
QR/PI_Sim/Yaw_LQR_Sim-eps-converted-to.pdf>]
Package epstopdf Info: Source file: <figs/MATLAB/LQR/PI_Sim/Pitch_Volt_LQR_Sim.
eps>
(epstopdf)                    date: 2019-04-29 13:14:26
(epstopdf)                    size: 38084 bytes
(epstopdf)             Output file: <figs/MATLAB/LQR/PI_Sim/Pitch_Volt_LQR_Sim-
eps-converted-to.pdf>
(epstopdf)                    date: 2019-04-29 13:14:26
(epstopdf)                    size: 12175 bytes
(epstopdf)             Command: <repstopdf --outfile=figs/MATLAB/LQR/PI_Sim/Pit
ch_Volt_LQR_Sim-eps-converted-to.pdf figs/MATLAB/LQR/PI_Sim/Pitch_Volt_LQR_Sim.
eps>
(epstopdf)             \includegraphics on input line 453.
Package epstopdf Info: Output file is already uptodate.
<figs/MATLAB/LQR/PI_Sim/Pitch_Volt_LQR_Sim-eps-converted-to.pdf, id=988, 365.36
5pt x 293.095pt>
File: figs/MATLAB/LQR/PI_Sim/Pitch_Volt_LQR_Sim-eps-converted-to.pdf Graphic fi
le (type pdf)
<use figs/MATLAB/LQR/PI_Sim/Pitch_Volt_LQR_Sim-eps-converted-to.pdf>
Package pdftex.def Info: figs/MATLAB/LQR/PI_Sim/Pitch_Volt_LQR_Sim-eps-converte
d-to.pdf  used on input line 453.
(pdftex.def)             Requested size: 138.84013pt x 111.37724pt.
Package epstopdf Info: Source file: <figs/MATLAB/LQR/PI_Sim/Yaw_Volt_LQR_Sim.ep
s>
(epstopdf)                    date: 2019-04-29 13:14:26
(epstopdf)                    size: 38205 bytes
(epstopdf)             Output file: <figs/MATLAB/LQR/PI_Sim/Yaw_Volt_LQR_Sim-ep
s-converted-to.pdf>
(epstopdf)                    date: 2019-04-29 13:14:26
(epstopdf)                    size: 12581 bytes
(epstopdf)             Command: <repstopdf --outfile=figs/MATLAB/LQR/PI_Sim/Yaw
_Volt_LQR_Sim-eps-converted-to.pdf figs/MATLAB/LQR/PI_Sim/Yaw_Volt_LQR_Sim.eps>

(epstopdf)             \includegraphics on input line 453.
Package epstopdf Info: Output file is already uptodate.
<figs/MATLAB/LQR/PI_Sim/Yaw_Volt_LQR_Sim-eps-converted-to.pdf, id=989, 365.365p
t x 293.095pt>
File: figs/MATLAB/LQR/PI_Sim/Yaw_Volt_LQR_Sim-eps-converted-to.pdf Graphic file
 (type pdf)
<use figs/MATLAB/LQR/PI_Sim/Yaw_Volt_LQR_Sim-eps-converted-to.pdf>
Package pdftex.def Info: figs/MATLAB/LQR/PI_Sim/Yaw_Volt_LQR_Sim-eps-converted-
to.pdf  used on input line 453.
(pdftex.def)             Requested size: 138.84013pt x 111.37724pt.
File: figs/logoBU1-Print.pdf Graphic file (type pdf)
<use figs/logoBU1-Print.pdf>
Package pdftex.def Info: figs/logoBU1-Print.pdf  used on input line 453.
(pdftex.def)             Requested size: 21.33955pt x 7.11151pt.

[23

 <./figs/matlab/LQR/PI_Sim/Pitch_Volt_LQR_Sim-eps-converted-to.pdf> <./figs/mat
lab/LQR/PI_Sim/Yaw_Volt_LQR_Sim-eps-converted-to.pdf>]
(./finalReportPres.toc)
File: figs/logoBU1-Print.pdf Graphic file (type pdf)
<use figs/logoBU1-Print.pdf>
Package pdftex.def Info: figs/logoBU1-Print.pdf  used on input line 456.
(pdftex.def)             Requested size: 21.33955pt x 7.11151pt.
 [24

]
Package epstopdf Info: Source file: <figs/MATLAB/LQG/LQG_Sim/Pitch_LQG_Sim.eps>

(epstopdf)                    date: 2019-04-29 13:14:26
(epstopdf)                    size: 58222 bytes
(epstopdf)             Output file: <figs/MATLAB/LQG/LQG_Sim/Pitch_LQG_Sim-eps-
converted-to.pdf>
(epstopdf)                    date: 2019-04-29 13:14:26
(epstopdf)                    size: 15280 bytes
(epstopdf)             Command: <repstopdf --outfile=figs/MATLAB/LQG/LQG_Sim/Pi
tch_LQG_Sim-eps-converted-to.pdf figs/MATLAB/LQG/LQG_Sim/Pitch_LQG_Sim.eps>
(epstopdf)             \includegraphics on input line 471.
Package epstopdf Info: Output file is already uptodate.
<figs/MATLAB/LQG/LQG_Sim/Pitch_LQG_Sim-eps-converted-to.pdf, id=1082, 361.35pt 
x 293.095pt>
File: figs/MATLAB/LQG/LQG_Sim/Pitch_LQG_Sim-eps-converted-to.pdf Graphic file (
type pdf)
<use figs/MATLAB/LQG/LQG_Sim/Pitch_LQG_Sim-eps-converted-to.pdf>
Package pdftex.def Info: figs/MATLAB/LQG/LQG_Sim/Pitch_LQG_Sim-eps-converted-to
.pdf  used on input line 471.
(pdftex.def)             Requested size: 137.31442pt x 111.37724pt.
Package epstopdf Info: Source file: <figs/MATLAB/LQG/LQG_Sim/Yaw_LQG_Sim.eps>
(epstopdf)                    date: 2019-04-29 13:14:26
(epstopdf)                    size: 59135 bytes
(epstopdf)             Output file: <figs/MATLAB/LQG/LQG_Sim/Yaw_LQG_Sim-eps-co
nverted-to.pdf>
(epstopdf)                    date: 2019-04-29 13:14:26
(epstopdf)                    size: 15855 bytes
(epstopdf)             Command: <repstopdf --outfile=figs/MATLAB/LQG/LQG_Sim/Ya
w_LQG_Sim-eps-converted-to.pdf figs/MATLAB/LQG/LQG_Sim/Yaw_LQG_Sim.eps>
(epstopdf)             \includegraphics on input line 471.
Package epstopdf Info: Output file is already uptodate.
<figs/MATLAB/LQG/LQG_Sim/Yaw_LQG_Sim-eps-converted-to.pdf, id=1083, 367.3725pt 
x 293.095pt>
File: figs/MATLAB/LQG/LQG_Sim/Yaw_LQG_Sim-eps-converted-to.pdf Graphic file (ty
pe pdf)
<use figs/MATLAB/LQG/LQG_Sim/Yaw_LQG_Sim-eps-converted-to.pdf>
Package pdftex.def Info: figs/MATLAB/LQG/LQG_Sim/Yaw_LQG_Sim-eps-converted-to.p
df  used on input line 471.
(pdftex.def)             Requested size: 139.60298pt x 111.37724pt.
File: figs/logoBU1-Print.pdf Graphic file (type pdf)
<use figs/logoBU1-Print.pdf>
Package pdftex.def Info: figs/logoBU1-Print.pdf  used on input line 471.
(pdftex.def)             Requested size: 21.33955pt x 7.11151pt.
 [25

 <./figs/matlab/LQG/LQG_Sim/Pitch_LQG_Sim-eps-converted-to.pdf> <./figs/matlab/
LQG/LQG_Sim/Yaw_LQG_Sim-eps-converted-to.pdf>]
Package epstopdf Info: Source file: <figs/MATLAB/LQG/LQG_Sim/Pitch_Volt_LQG_Sim
.eps>
(epstopdf)                    date: 2019-04-29 13:14:26
(epstopdf)                    size: 35537 bytes
(epstopdf)             Output file: <figs/MATLAB/LQG/LQG_Sim/Pitch_Volt_LQG_Sim
-eps-converted-to.pdf>
(epstopdf)                    date: 2019-04-29 13:14:26
(epstopdf)                    size: 13088 bytes
(epstopdf)             Command: <repstopdf --outfile=figs/MATLAB/LQG/LQG_Sim/Pi
tch_Volt_LQG_Sim-eps-converted-to.pdf figs/MATLAB/LQG/LQG_Sim/Pitch_Volt_LQG_Si
m.eps>
(epstopdf)             \includegraphics on input line 487.
Package epstopdf Info: Output file is already uptodate.
<figs/MATLAB/LQG/LQG_Sim/Pitch_Volt_LQG_Sim-eps-converted-to.pdf, id=1132, 361.
35pt x 293.095pt>
File: figs/MATLAB/LQG/LQG_Sim/Pitch_Volt_LQG_Sim-eps-converted-to.pdf Graphic f
ile (type pdf)
<use figs/MATLAB/LQG/LQG_Sim/Pitch_Volt_LQG_Sim-eps-converted-to.pdf>
Package pdftex.def Info: figs/MATLAB/LQG/LQG_Sim/Pitch_Volt_LQG_Sim-eps-convert
ed-to.pdf  used on input line 487.
(pdftex.def)             Requested size: 137.31442pt x 111.37724pt.
Package epstopdf Info: Source file: <figs/MATLAB/LQG/LQG_Sim/Yaw_Volt_LQG_Sim.e
ps>
(epstopdf)                    date: 2019-04-29 13:14:26
(epstopdf)                    size: 36757 bytes
(epstopdf)             Output file: <figs/MATLAB/LQG/LQG_Sim/Yaw_Volt_LQG_Sim-e
ps-converted-to.pdf>
(epstopdf)                    date: 2019-04-29 13:14:26
(epstopdf)                    size: 12841 bytes
(epstopdf)             Command: <repstopdf --outfile=figs/MATLAB/LQG/LQG_Sim/Ya
w_Volt_LQG_Sim-eps-converted-to.pdf figs/MATLAB/LQG/LQG_Sim/Yaw_Volt_LQG_Sim.ep
s>
(epstopdf)             \includegraphics on input line 487.
Package epstopdf Info: Output file is already uptodate.
<figs/MATLAB/LQG/LQG_Sim/Yaw_Volt_LQG_Sim-eps-converted-to.pdf, id=1133, 361.35
pt x 293.095pt>
File: figs/MATLAB/LQG/LQG_Sim/Yaw_Volt_LQG_Sim-eps-converted-to.pdf Graphic fil
e (type pdf)
<use figs/MATLAB/LQG/LQG_Sim/Yaw_Volt_LQG_Sim-eps-converted-to.pdf>
Package pdftex.def Info: figs/MATLAB/LQG/LQG_Sim/Yaw_Volt_LQG_Sim-eps-converted
-to.pdf  used on input line 487.
(pdftex.def)             Requested size: 137.31442pt x 111.37724pt.
File: figs/logoBU1-Print.pdf Graphic file (type pdf)
<use figs/logoBU1-Print.pdf>
Package pdftex.def Info: figs/logoBU1-Print.pdf  used on input line 487.
(pdftex.def)             Requested size: 21.33955pt x 7.11151pt.

[26

 <./figs/matlab/LQG/LQG_Sim/Pitch_Volt_LQG_Sim-eps-converted-to.pdf> <./figs/ma
tlab/LQG/LQG_Sim/Yaw_Volt_LQG_Sim-eps-converted-to.pdf>]
(./finalReportPres.toc)
File: figs/logoBU1-Print.pdf Graphic file (type pdf)
<use figs/logoBU1-Print.pdf>
Package pdftex.def Info: figs/logoBU1-Print.pdf  used on input line 493.
(pdftex.def)             Requested size: 21.33955pt x 7.11151pt.
 [27

]
Package epstopdf Info: Source file: <figs/matlab/ADPvLQR_P_USB/Pitch_ADP_LQR.ep
s>
(epstopdf)                    date: 2019-04-29 13:14:25
(epstopdf)                    size: 120532 bytes
(epstopdf)             Output file: <figs/matlab/ADPvLQR_P_USB/Pitch_ADP_LQR-ep
s-converted-to.pdf>
(epstopdf)                    date: 2019-04-29 13:37:55
(epstopdf)                    size: 33520 bytes
(epstopdf)             Command: <repstopdf --outfile=figs/matlab/ADPvLQR_P_USB/
Pitch_ADP_LQR-eps-converted-to.pdf figs/matlab/ADPvLQR_P_USB/Pitch_ADP_LQR.eps>

(epstopdf)             \includegraphics on input line 509.
Package epstopdf Info: Output file is already uptodate.
<figs/matlab/ADPvLQR_P_USB/Pitch_ADP_LQR-eps-converted-to.pdf, id=1227, 361.35p
t x 294.09875pt>
File: figs/matlab/ADPvLQR_P_USB/Pitch_ADP_LQR-eps-converted-to.pdf Graphic file
 (type pdf)
<use figs/matlab/ADPvLQR_P_USB/Pitch_ADP_LQR-eps-converted-to.pdf>
Package pdftex.def Info: figs/matlab/ADPvLQR_P_USB/Pitch_ADP_LQR-eps-converted-
to.pdf  used on input line 509.
(pdftex.def)             Requested size: 137.31442pt x 111.75868pt.
Package epstopdf Info: Source file: <figs/matlab/ADPvLQR_P_USB/Yaw_ADP_LQR.eps>

(epstopdf)                    date: 2019-04-29 13:14:25
(epstopdf)                    size: 122688 bytes
(epstopdf)             Output file: <figs/matlab/ADPvLQR_P_USB/Yaw_ADP_LQR-eps-
converted-to.pdf>
(epstopdf)                    date: 2019-04-29 13:37:56
(epstopdf)                    size: 35667 bytes
(epstopdf)             Command: <repstopdf --outfile=figs/matlab/ADPvLQR_P_USB/
Yaw_ADP_LQR-eps-converted-to.pdf figs/matlab/ADPvLQR_P_USB/Yaw_ADP_LQR.eps>
(epstopdf)             \includegraphics on input line 509.
Package epstopdf Info: Output file is already uptodate.
<figs/matlab/ADPvLQR_P_USB/Yaw_ADP_LQR-eps-converted-to.pdf, id=1228, 361.35pt 
x 292.09125pt>
File: figs/matlab/ADPvLQR_P_USB/Yaw_ADP_LQR-eps-converted-to.pdf Graphic file (
type pdf)
<use figs/matlab/ADPvLQR_P_USB/Yaw_ADP_LQR-eps-converted-to.pdf>
Package pdftex.def Info: figs/matlab/ADPvLQR_P_USB/Yaw_ADP_LQR-eps-converted-to
.pdf  used on input line 509.
(pdftex.def)             Requested size: 137.31442pt x 110.99582pt.
File: figs/logoBU1-Print.pdf Graphic file (type pdf)
<use figs/logoBU1-Print.pdf>
Package pdftex.def Info: figs/logoBU1-Print.pdf  used on input line 509.
(pdftex.def)             Requested size: 21.33955pt x 7.11151pt.
 [28

 <./figs/matlab/ADPvLQR_P_USB/Pitch_ADP_LQR-eps-converted-to.pdf> <./figs/matla
b/ADPvLQR_P_USB/Yaw_ADP_LQR-eps-converted-to.pdf>] (./finalReportPres.toc)
File: figs/logoBU1-Print.pdf Graphic file (type pdf)
<use figs/logoBU1-Print.pdf>
Package pdftex.def Info: figs/logoBU1-Print.pdf  used on input line 511.
(pdftex.def)             Requested size: 21.33955pt x 7.11151pt.
 [29

]
File: figs/logoBU1-Print.pdf Graphic file (type pdf)
<use figs/logoBU1-Print.pdf>
Package pdftex.def Info: figs/logoBU1-Print.pdf  used on input line 527.
(pdftex.def)             Requested size: 21.33955pt x 7.11151pt.
 [30

] (./finalReportPres.toc)
File: figs/logoBU1-Print.pdf Graphic file (type pdf)
<use figs/logoBU1-Print.pdf>
Package pdftex.def Info: figs/logoBU1-Print.pdf  used on input line 531.
(pdftex.def)             Requested size: 21.33955pt x 7.11151pt.
 [31

]<<VPlayer.swf>><<videos/Demonstration_Trim.mp4>>
File: figs/logoBU1-Print.pdf Graphic file (type pdf)
<use figs/logoBU1-Print.pdf>
Package pdftex.def Info: figs/logoBU1-Print.pdf  used on input line 545.
(pdftex.def)             Requested size: 21.33955pt x 7.11151pt.
 [32

]
<figs/ipe/smartAlg.pdf, id=1442, 564.1075pt x 450.68375pt>
File: figs/ipe/smartAlg.pdf Graphic file (type pdf)
<use figs/ipe/smartAlg.pdf>
Package pdftex.def Info: figs/ipe/smartAlg.pdf  used on input line 598.
(pdftex.def)             Requested size: 157.94902pt x 126.19058pt.
File: figs/logoBU1-Print.pdf Graphic file (type pdf)
<use figs/logoBU1-Print.pdf>
Package pdftex.def Info: figs/logoBU1-Print.pdf  used on input line 598.
(pdftex.def)             Requested size: 21.33955pt x 7.11151pt.
 [33

 <./figs/ipe/smartAlg.pdf>]
File: figs/logoBU1-Print.pdf Graphic file (type pdf)
<use figs/logoBU1-Print.pdf>
Package pdftex.def Info: figs/logoBU1-Print.pdf  used on input line 662.
(pdftex.def)             Requested size: 21.33955pt x 7.11151pt.

[34

]

Package hyperref Warning: Token not allowed in a PDF string (PDFDocEncoding):
(hyperref)                removing `\translate ' on input line 689.


Package hyperref Warning: Token not allowed in a PDF string (PDFDocEncoding):
(hyperref)                removing `\translate ' on input line 689.

No file finalReportPres.bbl.
File: figs/logoBU1-Print.pdf Graphic file (type pdf)
<use figs/logoBU1-Print.pdf>
Package pdftex.def Info: figs/logoBU1-Print.pdf  used on input line 740.
(pdftex.def)             Requested size: 21.33955pt x 7.11151pt.
[35

]
\tf@nav=\write6
\openout6 = `finalReportPres.nav'.

\tf@toc=\write7
\openout7 = `finalReportPres.toc'.

\tf@snm=\write8
\openout8 = `finalReportPres.snm'.

Package atveryend Info: Empty hook `BeforeClearDocument' on input line 742.
Package atveryend Info: Empty hook `AfterLastShipout' on input line 742.
 (./finalReportPres.aux)
Package atveryend Info: Executing hook `AtVeryEndDocument' on input line 742.
Package atveryend Info: Executing hook `AtEndAfterFileList' on input line 742.
Package rerunfilecheck Info: File `finalReportPres.out' has not changed.
(rerunfilecheck)             Checksum: 85B6719E7882BBED72D1F6077A0AEF86;1098.


LaTeX Warning: There were undefined references.


LaTeX Warning: Label(s) may have changed. Rerun to get cross-references right.

 ) 
Here is how much of TeX's memory you used:
 33095 strings out of 492641
 672539 string characters out of 6133131
 730266 words of memory out of 5000000
 36244 multiletter control sequences out of 15000+600000
 544525 words of font info for 67 fonts, out of 8000000 for 9000
 1141 hyphenation exceptions out of 8191
 58i,16n,82p,782b,855s stack positions out of 5000i,500n,10000p,200000b,80000s
pdfTeX warning (dest): name{sub@fig:Yaw_LQRvADP_USB} has been referenced but 
does not exist, replaced by a fixed one

pdfTeX warning (dest): name{sub@fig:Pitch_LQRvADP_USB} has been referenced but 
does not exist, replaced by a fixed one

pdfTeX warning (dest): name{sub@fig:Yaw_Volt_LQG_Sim} has been referenced but d
oes not exist, replaced by a fixed one

pdfTeX warning (dest): name{sub@fig:Pitch_Volt_LQG_Sim} has been referenced but
 does not exist, replaced by a fixed one

pdfTeX warning (dest): name{sub@fig:Yaw_LQG_Sim} has been referenced but does n
ot exist, replaced by a fixed one

pdfTeX warning (dest): name{sub@fig:Pitch_LQG_Sim} has been referenced but does
 not exist, replaced by a fixed one

pdfTeX warning (dest): name{sub@fig:Yaw_Volt_LQR_Sim} has been referenced but d
oes not exist, replaced by a fixed one

pdfTeX warning (dest): name{sub@fig:Pitch_Volt_LQR_Sim} has been referenced but
 does not exist, replaced by a fixed one

pdfTeX warning (dest): name{sub@fig:Yaw_LQR_Sim} has been referenced but does n
ot exist, replaced by a fixed one

pdfTeX warning (dest): name{sub@fig:Pitch_LQR_Sim} has been referenced but does
 not exist, replaced by a fixed one

pdfTeX warning (dest): name{sub@fig:LQR_Volt_Con} has been referenced but does 
not exist, replaced by a fixed one

pdfTeX warning (dest): name{sub@fig:LQR_Pos_Con} has been referenced but does n
ot exist, replaced by a fixed one

<c:/texlive/2018/texmf-dist/fonts/type1/public/amsfonts/cm/cmex10.pfb><c:/texli
ve/2018/texmf-dist/fonts/type1/public/amsfonts/cm/cmmi10.pfb><c:/texlive/2018/t
exmf-dist/fonts/type1/public/amsfonts/cm/cmmi9.pfb><c:/texlive/2018/texmf-dist/
fonts/type1/public/amsfonts/cm/cmr10.pfb><c:/texlive/2018/texmf-dist/fonts/type
1/public/amsfonts/cm/cmss10.pfb><c:/texlive/2018/texmf-dist/fonts/type1/public/
amsfonts/cm/cmss12.pfb><c:/texlive/2018/texmf-dist/fonts/type1/public/amsfonts/
cm/cmss8.pfb><c:/texlive/2018/texmf-dist/fonts/type1/public/amsfonts/cm/cmss9.p
fb><c:/texlive/2018/texmf-dist/fonts/type1/public/amsfonts/cm/cmssbx10.pfb><c:/
texlive/2018/texmf-dist/fonts/type1/public/amsfonts/cm/cmssi10.pfb><c:/texlive/
2018/texmf-dist/fonts/type1/public/amsfonts/cm/cmssi8.pfb><c:/texlive/2018/texm
f-dist/fonts/type1/public/amsfonts/cm/cmssi9.pfb><c:/texlive/2018/texmf-dist/fo
nts/type1/public/amsfonts/cm/cmsy10.pfb>
Output written on finalReportPres.pdf (35 pages, 2288661 bytes).
PDF statistics:
 1614 PDF objects out of 1728 (max. 8388607)
 1461 compressed objects within 15 object streams
 128 named destinations out of 1000 (max. 500000)
 421 words of extra memory for PDF output out of 10000 (max. 10000000)

