\BOOKMARK [0][]{chapter*.2}{Thursday, August 30, 2018}{}% 1
\BOOKMARK [1][]{experiment.1.1}{Meeting Minutes}{chapter*.2}% 2
\BOOKMARK [0][]{chapter*.3}{Tuesday, September 4, 2018}{}% 3
\BOOKMARK [1][]{experiment.2.1}{Meeting Minutes}{chapter*.3}% 4
\BOOKMARK [0][]{chapter*.4}{Thursday, September 6, 2018}{}% 5
\BOOKMARK [1][]{experiment.3.1}{Meeting Minutes}{chapter*.4}% 6
\BOOKMARK [1][]{experiment.3.2}{Quick Start}{chapter*.4}% 7
\BOOKMARK [1][]{experiment.3.3}{Integration Workbook}{chapter*.4}% 8
\BOOKMARK [0][]{chapter*.5}{Friday, September 7, 2018}{}% 9
\BOOKMARK [1][]{experiment.4.1}{Meeting Minutes}{chapter*.5}% 10
\BOOKMARK [1][]{experiment.4.2}{Research Paper Summaries}{chapter*.5}% 11
\BOOKMARK [2][]{subexperiment.4.2.1}{Decentralized discrete-time neural control for a Quanser 2-DOF helicopter}{experiment.4.2}% 12
\BOOKMARK [2][]{subexperiment.4.2.2}{4DOF quadcopter: development, modeling and control}{experiment.4.2}% 13
\BOOKMARK [2][]{subexperiment.4.2.3}{2-DOF helicopter controlling by pole-placements}{experiment.4.2}% 14
\BOOKMARK [2][]{subexperiment.4.2.4}{Data-driven Adaptive Optimal Output-feedback Control of a 2-DOF Helicopter}{experiment.4.2}% 15
\BOOKMARK [2][]{subexperiment.4.2.5}{Fuzzy Control with Estimated Variable Sampling Period for Non-Linear Networked Control Systems: 2-DOF Helicopter as Case Study}{experiment.4.2}% 16
\BOOKMARK [0][]{chapter*.6}{Tuesday, September 11, 2018}{}% 17
\BOOKMARK [1][]{experiment.5.1}{Meeting Minutes}{chapter*.6}% 18
\BOOKMARK [1][]{experiment.5.2}{LQR Using USB}{chapter*.6}% 19
\BOOKMARK [0][]{chapter*.7}{Thursday, September 13, 2018}{}% 20
\BOOKMARK [1][]{experiment.6.1}{Meeting Minutes}{chapter*.7}% 21
\BOOKMARK [1][]{experiment.6.2}{LQR Using USB Cont.}{chapter*.7}% 22
\BOOKMARK [1][]{experiment.6.3}{LQG Using USB}{chapter*.7}% 23
\BOOKMARK [0][]{chapter*.8}{Friday, September 14, 2018}{}% 24
\BOOKMARK [1][]{experiment.7.1}{Meeting Minutes}{chapter*.8}% 25
\BOOKMARK [0][]{chapter*.9}{Tuesday, September 18, 2018}{}% 26
\BOOKMARK [1][]{experiment.8.1}{Meeting Minutes}{chapter*.9}% 27
\BOOKMARK [1][]{experiment.8.2}{Combination Graphs}{chapter*.9}% 28
\BOOKMARK [0][]{chapter*.10}{Thursday, September 20, 2018}{}% 29
\BOOKMARK [1][]{experiment.9.1}{Meeting Minutes}{chapter*.10}% 30
\BOOKMARK [1][]{experiment.9.2}{Lab Work}{chapter*.10}% 31
\BOOKMARK [0][]{chapter*.11}{Friday, September 21, 2018}{}% 32
\BOOKMARK [1][]{experiment.10.1}{Meeting Minutes}{chapter*.11}% 33
\BOOKMARK [0][]{chapter*.12}{Tuesday, September 25, 2018}{}% 34
\BOOKMARK [1][]{experiment.11.1}{Meeting Minutes}{chapter*.12}% 35
\BOOKMARK [1][]{experiment.11.2}{Raspberry PI 3}{chapter*.12}% 36
\BOOKMARK [1][]{experiment.11.3}{Support Packages}{chapter*.12}% 37
\BOOKMARK [0][]{chapter*.13}{Thursday, September 27, 2018}{}% 38
\BOOKMARK [1][]{experiment.12.1}{Meeting Minutes}{chapter*.13}% 39
\BOOKMARK [0][]{chapter*.14}{Monday, October 1, 2018}{}% 40
\BOOKMARK [1][]{experiment.13.1}{Meeting Minutes}{chapter*.14}% 41
\BOOKMARK [0][]{chapter*.15}{Tuesday, October 2, 2018}{}% 42
\BOOKMARK [1][]{experiment.14.1}{Meeting Minutes}{chapter*.15}% 43
\BOOKMARK [0][]{chapter*.16}{Thursday, October 4, 2018}{}% 44
\BOOKMARK [1][]{experiment.15.1}{Meeting Minutes}{chapter*.16}% 45
\BOOKMARK [1][]{experiment.15.2}{Raspberry Pi Testing}{chapter*.16}% 46
\BOOKMARK [1][]{experiment.15.3}{QFLEX 2 Embedded}{chapter*.16}% 47
\BOOKMARK [0][]{chapter*.17}{Thursday, October 5, 2018}{}% 48
\BOOKMARK [1][]{experiment.16.1}{Meeting Minutes}{chapter*.17}% 49
\BOOKMARK [0][]{chapter*.18}{Thursday, October 11, 2018}{}% 50
\BOOKMARK [1][]{experiment.17.1}{Meeting Minutes}{chapter*.18}% 51
\BOOKMARK [1][]{experiment.17.2}{IP Images}{chapter*.18}% 52
\BOOKMARK [1][]{experiment.17.3}{SPI Communication}{chapter*.18}% 53
\BOOKMARK [0][]{chapter*.19}{Friday, October 12, 2018}{}% 54
\BOOKMARK [1][]{experiment.18.1}{Meeting Minutes}{chapter*.19}% 55
\BOOKMARK [0][]{chapter*.20}{Tuesday, October 16, 2018}{}% 56
\BOOKMARK [1][]{experiment.19.1}{Meeting Minutes}{chapter*.20}% 57
\BOOKMARK [1][]{experiment.19.2}{Basic Simulink}{chapter*.20}% 58
\BOOKMARK [1][]{experiment.19.3}{LQR Via Raspberry Pi}{chapter*.20}% 59
\BOOKMARK [1][]{experiment.19.4}{Setting up Second Raspberry Pi}{chapter*.20}% 60
\BOOKMARK [0][]{chapter*.21}{Thursday, October 18, 2018}{}% 61
\BOOKMARK [1][]{experiment.20.1}{Meeting Minutes}{chapter*.21}% 62
\BOOKMARK [1][]{experiment.20.2}{LQR Via Raspberry Pi cont.}{chapter*.21}% 63
\BOOKMARK [0][]{chapter*.22}{Friday, October 19, 2018}{}% 64
\BOOKMARK [1][]{experiment.21.1}{Cloning Linux Distribution}{chapter*.22}% 65
\BOOKMARK [0][]{chapter*.23}{Tuesday, October 23, 2018}{}% 66
\BOOKMARK [1][]{experiment.22.1}{Meeting Minutes}{chapter*.23}% 67
\BOOKMARK [0][]{chapter*.24}{Thursday, October 25, 2018}{}% 68
\BOOKMARK [1][]{experiment.23.1}{Meeting Minutes}{chapter*.24}% 69
\BOOKMARK [1][]{experiment.23.2}{Android LQR}{chapter*.24}% 70
\BOOKMARK [0][]{chapter*.25}{Friday, October 26, 2018}{}% 71
\BOOKMARK [1][]{experiment.24.1}{Meeting Minutes}{chapter*.25}% 72
\BOOKMARK [0][]{chapter*.26}{Tuesday, October 30, 2018}{}% 73
\BOOKMARK [1][]{experiment.25.1}{Meeting Minutes}{chapter*.26}% 74
\BOOKMARK [1][]{experiment.25.2}{Android App}{chapter*.26}% 75
\BOOKMARK [0][]{chapter*.27}{Thursday, November 1, 2018}{}% 76
\BOOKMARK [1][]{experiment.26.1}{Meeting Minutes}{chapter*.27}% 77
\BOOKMARK [0][]{chapter*.28}{Friday, November 2, 2018}{}% 78
\BOOKMARK [1][]{experiment.27.1}{Meeting Minutes}{chapter*.28}% 79
\BOOKMARK [0][]{chapter*.29}{Tuesday, November 6, 2018}{}% 80
\BOOKMARK [1][]{experiment.28.1}{Meeting Minutes}{chapter*.29}% 81
\BOOKMARK [0][]{chapter*.30}{Thursday, November 8, 2018}{}% 82
\BOOKMARK [1][]{experiment.29.1}{Meeting Minutes}{chapter*.30}% 83
\BOOKMARK [1][]{experiment.29.2}{Two Helicopters Using LQR}{chapter*.30}% 84
\BOOKMARK [0][]{chapter*.31}{Friday, November 9, 2018}{}% 85
\BOOKMARK [1][]{experiment.30.1}{Meeting Minutes}{chapter*.31}% 86
\BOOKMARK [0][]{chapter*.32}{Tuesday, November 13, 2018}{}% 87
\BOOKMARK [1][]{experiment.31.1}{Meeting Minutes}{chapter*.32}% 88
\BOOKMARK [1][]{experiment.31.2}{Storing Data Wirelessly}{chapter*.32}% 89
\BOOKMARK [0][]{chapter*.33}{Thursday, November 15, 2018}{}% 90
\BOOKMARK [1][]{experiment.32.1}{Meeting Minutes}{chapter*.33}% 91
\BOOKMARK [0][]{chapter*.34}{Friday, November 16, 2018}{}% 92
\BOOKMARK [1][]{experiment.33.1}{Meeting Minutes}{chapter*.34}% 93
\BOOKMARK [1][]{experiment.33.2}{Data Collection}{chapter*.34}% 94
\BOOKMARK [0][]{chapter*.35}{Thursday, November 29, 2018}{}% 95
\BOOKMARK [1][]{experiment.34.1}{Proposal Presentation}{chapter*.35}% 96
\BOOKMARK [0][]{chapter*.36}{Friday, November 30, 2018}{}% 97
\BOOKMARK [1][]{experiment.35.1}{Meeting Minutes}{chapter*.36}% 98
\BOOKMARK [0][]{chapter*.37}{Tuesday, December 4, 2018}{}% 99
\BOOKMARK [1][]{experiment.36.1}{Meeting Minutes}{chapter*.37}% 100
\BOOKMARK [0][]{chapter*.38}{Wednesday, January 23, 2019}{}% 101
\BOOKMARK [1][]{experiment.37.1}{Meeting Minutes}{chapter*.38}% 102
\BOOKMARK [0][]{chapter*.39}{Thursday, January 24, 2019}{}% 103
\BOOKMARK [1][]{experiment.38.1}{Lab Work}{chapter*.39}% 104
\BOOKMARK [0][]{chapter*.40}{Monday, January 28, 2019}{}% 105
\BOOKMARK [1][]{experiment.39.1}{Meeting Minutes}{chapter*.40}% 106
\BOOKMARK [0][]{chapter*.41}{Tuesday, January 29, 2019}{}% 107
\BOOKMARK [1][]{experiment.40.1}{Lab Work}{chapter*.41}% 108
\BOOKMARK [0][]{chapter*.42}{Thursday, January 31, 2019}{}% 109
\BOOKMARK [1][]{experiment.41.1}{Lab Work}{chapter*.42}% 110
\BOOKMARK [0][]{chapter*.43}{Monday, February 4, 2019}{}% 111
\BOOKMARK [1][]{experiment.42.1}{Meeting Minutes}{chapter*.43}% 112
\BOOKMARK [1][]{experiment.42.2}{Conference Paper 2}{chapter*.43}% 113
\BOOKMARK [0][]{chapter*.44}{Tuesday, February 4, 2019}{}% 114
\BOOKMARK [1][]{experiment.43.1}{Lab Work}{chapter*.44}% 115
\BOOKMARK [0][]{chapter*.45}{Thursday, February 6, 2019}{}% 116
\BOOKMARK [1][]{experiment.44.1}{Lab Work}{chapter*.45}% 117
\BOOKMARK [0][]{chapter*.46}{Monday, February 11, 2019}{}% 118
\BOOKMARK [1][]{experiment.45.1}{Meeting Minutes}{chapter*.46}% 119
\BOOKMARK [0][]{chapter*.47}{Tuesday, February 12, 2019}{}% 120
\BOOKMARK [1][]{experiment.46.1}{Lab Work}{chapter*.47}% 121
\BOOKMARK [0][]{chapter*.48}{Tuesday, February 12, 2019}{}% 122
\BOOKMARK [1][]{experiment.47.1}{Lab Work}{chapter*.48}% 123
\BOOKMARK [0][]{chapter*.49}{Thursday, February 14, 2019}{}% 124
\BOOKMARK [1][]{experiment.48.1}{Lab Work}{chapter*.49}% 125
\BOOKMARK [0][]{chapter*.50}{Friday, February 15, 2019}{}% 126
\BOOKMARK [1][]{experiment.49.1}{Lab Work}{chapter*.50}% 127
\BOOKMARK [0][]{chapter*.51}{Monday, February 18, 2019}{}% 128
\BOOKMARK [1][]{experiment.50.1}{Meeting Minutes}{chapter*.51}% 129
\BOOKMARK [0][]{chapter*.52}{Tuesday, February 19, 2019}{}% 130
\BOOKMARK [1][]{experiment.51.1}{Lab Work}{chapter*.52}% 131
\BOOKMARK [1][]{experiment.51.2}{Meeting Minutes}{chapter*.52}% 132
\BOOKMARK [0][]{chapter*.54}{Thursday, February 21, 2019}{}% 133
\BOOKMARK [1][]{experiment.52.1}{Lab Work}{chapter*.54}% 134
\BOOKMARK [0][]{chapter*.55}{Monday, February 25, 2019}{}% 135
\BOOKMARK [1][]{experiment.53.1}{Meeting Minutes}{chapter*.55}% 136
\BOOKMARK [0][]{chapter*.56}{Tuesday, February 26, 2019}{}% 137
\BOOKMARK [1][]{experiment.54.1}{Lab Work}{chapter*.56}% 138
\BOOKMARK [0][]{chapter*.57}{Thursday, February 28, 2019}{}% 139
\BOOKMARK [1][]{experiment.55.1}{Lab Work}{chapter*.57}% 140
\BOOKMARK [0][]{chapter*.58}{Monday, March 4, 2019}{}% 141
\BOOKMARK [1][]{experiment.56.1}{Meeting Minutes}{chapter*.58}% 142
\BOOKMARK [0][]{chapter*.59}{Tuesday, March 5, 2019}{}% 143
\BOOKMARK [1][]{experiment.57.1}{Lab Work}{chapter*.59}% 144
\BOOKMARK [0][]{chapter*.60}{Thursday, March 7, 2019}{}% 145
\BOOKMARK [1][]{experiment.58.1}{Lab Work}{chapter*.60}% 146
\BOOKMARK [0][]{chapter*.61}{Monday, March 11, 2019}{}% 147
\BOOKMARK [1][]{experiment.59.1}{Meeting Minutes}{chapter*.61}% 148
\BOOKMARK [0][]{chapter*.62}{Tuesday, March 12, 2019}{}% 149
\BOOKMARK [1][]{experiment.60.1}{Lab Work}{chapter*.62}% 150
\BOOKMARK [0][]{chapter*.63}{Thursday, March 14, 2019}{}% 151
\BOOKMARK [1][]{experiment.61.1}{Lab Work}{chapter*.63}% 152
\BOOKMARK [0][]{chapter*.64}{Monday, March 25, 2019}{}% 153
\BOOKMARK [1][]{experiment.62.1}{Meeting Minutes - LQG}{chapter*.64}% 154
\BOOKMARK [1][]{experiment.62.2}{Meeting Minutes - ADP Overview}{chapter*.64}% 155
\BOOKMARK [0][]{chapter*.65}{Tuesday, March 26, 2019}{}% 156
\BOOKMARK [1][]{experiment.63.1}{Lab Work}{chapter*.65}% 157
\BOOKMARK [0][]{chapter*.66}{Thursday, March 28, 2019}{}% 158
\BOOKMARK [1][]{experiment.64.1}{Lab Work - ADP USB}{chapter*.66}% 159
\BOOKMARK [1][]{experiment.64.2}{Lab Work - ADP Raspberry Pi}{chapter*.66}% 160
\BOOKMARK [1][]{experiment.64.3}{Lab Work - ADP Android}{chapter*.66}% 161
\BOOKMARK [1][]{experiment.64.4}{Table of Completion}{chapter*.66}% 162
\BOOKMARK [0][]{chapter*.67}{Monday, April 1, 2019}{}% 163
\BOOKMARK [1][]{experiment.65.1}{Meeting Minutes}{chapter*.67}% 164
\BOOKMARK [1][]{experiment.65.2}{Meeting Minutes - ADP Code Overview}{chapter*.67}% 165
\BOOKMARK [0][]{chapter*.68}{Tuesday, April 2, 2019}{}% 166
\BOOKMARK [1][]{experiment.66.1}{Lab Work}{chapter*.68}% 167
\BOOKMARK [0][]{chapter*.69}{Thursday, April 4, 2019}{}% 168
\BOOKMARK [1][]{experiment.67.1}{Lab Work}{chapter*.69}% 169
\BOOKMARK [0][]{chapter*.70}{Tuesday, May 7, 2019}{}% 170
\BOOKMARK [1][]{experiment.68.1}{Writing Report}{chapter*.70}% 171
