\BOOKMARK [1][-]{section.1}{Introduction}{}% 1
\BOOKMARK [1][-]{section.2}{Background Study}{}% 2
\BOOKMARK [2][-]{subsection.2.1}{Review of Literature}{section.2}% 3
\BOOKMARK [2][-]{subsection.2.2}{Review of Last Year's Project}{section.2}% 4
\BOOKMARK [2][-]{subsection.2.3}{Quanser Aero}{section.2}% 5
\BOOKMARK [1][-]{section.3}{Functional Requirements}{}% 6
\BOOKMARK [2][-]{subsection.3.1}{System Architecture}{section.3}% 7
\BOOKMARK [2][-]{subsection.3.2}{Proposed Smart Control Algorithm}{section.3}% 8
\BOOKMARK [2][-]{subsection.3.3}{Control Algorithms}{section.3}% 9
\BOOKMARK [3][-]{subsubsection.3.3.1}{LQR}{subsection.3.3}% 10
\BOOKMARK [3][-]{subsubsection.3.3.2}{LQG}{subsection.3.3}% 11
\BOOKMARK [3][-]{subsubsection.3.3.3}{ADP}{subsection.3.3}% 12
\BOOKMARK [2][-]{subsection.3.4}{Specifications}{section.3}% 13
\BOOKMARK [2][-]{subsection.3.5}{Communication Protocols}{section.3}% 14
\BOOKMARK [3][-]{subsubsection.3.5.1}{SPI}{subsection.3.5}% 15
\BOOKMARK [3][-]{subsubsection.3.5.2}{Wireless}{subsection.3.5}% 16
\BOOKMARK [3][-]{subsubsection.3.5.3}{UDP}{subsection.3.5}% 17
\BOOKMARK [1][-]{section.4}{Preliminary Work}{}% 18
\BOOKMARK [2][-]{subsection.4.1}{LQR Simulation Results}{section.4}% 19
\BOOKMARK [2][-]{subsection.4.2}{LQR USB Implementation}{section.4}% 20
\BOOKMARK [2][-]{subsection.4.3}{LQR Raspberry Pi Implementation}{section.4}% 21
\BOOKMARK [2][-]{subsection.4.4}{LQR Android Implementation}{section.4}% 22
\BOOKMARK [1][-]{section.5}{Future Work}{}% 23
\BOOKMARK [1][-]{section.6}{Parts List}{}% 24
\BOOKMARK [1][-]{section.7}{Timeline}{}% 25
